#
# A fatal error has been detected by the Java Runtime Environment:
#
#  SIGSEGV (0xb) at pc=0x000000010595ac4d, pid=1947, tid=26883
#
# JRE version: OpenJDK Runtime Environment (15.0.1+9) (build 15.0.1+9-18)
# Java VM: OpenJDK 64-Bit Server VM (15.0.1+9-18, mixed mode, sharing, tiered, compressed oops, g1 gc, bsd-amd64)
# Problematic frame:
# C  [libnative.dylib+0x3c4d]  print_the_arguments+0x2d
#
# No core dump will be written. Core dumps have been disabled. To enable core dumping, try "ulimit -c unlimited" before starting Java again
#
# If you would like to submit a bug report, please visit:
#   https://bugreport.java.com/bugreport/crash.jsp
#

---------------  S U M M A R Y ------------

Command Line: -Djava.library.path=/Users/akashkuratkar/eclipse-workspace/Lab2/src/main/java/ MatrixMultiplier

Host: MacBookPro16,2 x86_64 2000 MHz, 8 cores, 16G, Darwin 21.1.0
Time: Mon Nov 15 12:41:58 2021 PST elapsed time: 89.016097 seconds (0d 0h 1m 29s)

---------------  T H R E A D  ---------------

Current thread is native thread

Stack: [0x000070000d6f0000,0x000070000d770000],  sp=0x000070000d76ff90,  free space=511k
Native frames: (J=compiled Java code, A=aot compiled Java code, j=interpreted, Vv=VM code, C=native code)
C  [libnative.dylib+0x3c4d]  print_the_arguments+0x2d
C  [libsystem_pthread.dylib+0x6514]  _pthread_start+0x7d
C  [libsystem_pthread.dylib+0x202f]  thread_start+0xf


siginfo: si_signo: 11 (SIGSEGV), si_code: 1 (SEGV_MAPERR), si_addr: 0x0000000000000000

Registers:
RAX=0x0000000000000000, RBX=0x000070000d770000, RCX=0x18b68e291730008e, RDX=0x0000000000000000
RSP=0x000070000d76ff90, RBP=0x000070000d76ffb0, RSI=0x00000000000120a8, RDI=0x00007ff851ae2568
R8 =0x00007ff851ae2588, R9 =0x0000000000000000, R10=0x00000000ffffff00, R11=0x00007ff851ae2580
R12=0x0000000000000000, R13=0x0000000000000000, R14=0x0000000000000000, R15=0x0000000000000000
RIP=0x000000010595ac4d, EFLAGS=0x0000000000010246, ERR=0x0000000000000004
  TRAPNO=0x000000000000000e

Top of Stack: (sp=0x000070000d76ff90)
0x000070000d76ff90:   0000000000000000 0000000000000000
0x000070000d76ffa0:   0000600003054200 0000600003054200
0x000070000d76ffb0:   000070000d76ffd0 00007ff8102cd514
0x000070000d76ffc0:   0000000000000000 0000000000000000
0x000070000d76ffd0:   000070000d76fff0 00007ff8102c902f
0x000070000d76ffe0:   0000000000000000 0000000000000000
0x000070000d76fff0:   0000000000000000 0000000000000000
0x000070000d770000:   ef2785be8aeedf73 0000000000000000
0x000070000d770010:   000070000e51a000 000070000e497010
0x000070000d770020:   000070000ce517d8 0000000000000000
0x000070000d770030:   0000690300000101 0000000a0000001f
0x000070000d770040:   0000000000000000 0001000c00000000
0x000070000d770050:   0000000000000000 0000000000000000
0x000070000d770060:   0000000000000000 0000000000000000
0x000070000d770070:   0000000000000000 0000000000000000
0x000070000d770080:   0000000000000000 0000000000000000
0x000070000d770090:   000000010595ac20 0000600003054200
0x000070000d7700a0:   0003000000000000 0000000000000000
0x000070000d7700b0:   000070000d770000 000070000d6f0000
0x000070000d7700c0:   000070000d6ef000 0000000000083000
0x000070000d7700d0:   0000000000001000 0000000000053bda
0x000070000d7700e0:   000070000d770000 000070000d7700ac
0x000070000d7700f0:   0000000000000000 0000000000006903
0x000070000d770100:   00000000000008ff 0000000000000000
0x000070000d770110:   0000000000000000 ef27f5be8799df73
0x000070000d770120:   0000000000000000 0000000000000000
0x000070000d770130:   0000000000000000 0000000000000000
0x000070000d770140:   000060000307b300 0000000000000000
0x000070000d770150:   0000000000000000 0000000000000000
0x000070000d770160:   0000000000000000 0000000000000000
0x000070000d770170:   0000000000000000 0000000000000000
0x000070000d770180:   0000000000000000 0000000000000000 

Instructions: (pc=0x000000010595ac4d)
0x000000010595ab4d:   00 00 00 00 e9 bb 00 00 00 31 d2 48 8b 45 f0 48
0x000000010595ab5d:   8b 00 48 8b 80 98 06 00 00 48 8b 7d f0 48 8b 75
0x000000010595ab6d:   80 8b 4d d4 4c 8b 45 98 ff d0 48 8b 45 f0 48 8b
0x000000010595ab7d:   00 48 8b 80 70 05 00 00 48 8b 7d f0 48 8b 75 b0
0x000000010595ab8d:   8b 55 ac 48 8b 4d 80 ff d0 48 8b 45 f0 48 8b 00
0x000000010595ab9d:   48 8b 80 b8 00 00 00 48 8b 7d f0 48 8b 75 80 ff
0x000000010595abad:   d0 8b 45 ac 83 c0 01 89 45 ac e9 80 fe ff ff 48
0x000000010595abbd:   8b 7d 98 e8 97 03 00 00 48 8b 7d a0 e8 8e 03 00
0x000000010595abcd:   00 c7 45 d0 00 00 00 00 8b 45 d0 3b 45 d4 0f 8d
0x000000010595abdd:   1f 00 00 00 48 8b 45 c8 48 63 4d d0 48 8b 3c c8
0x000000010595abed:   e8 6a 03 00 00 8b 45 d0 83 c0 01 89 45 d0 e9 d5
0x000000010595abfd:   ff ff ff 48 8b 7d c8 e8 53 03 00 00 48 8b 45 b0
0x000000010595ac0d:   48 89 45 f8 48 8b 45 f8 48 81 c4 80 00 00 00 5d
0x000000010595ac1d:   c3 66 90 55 48 89 e5 48 83 ec 20 48 89 7d f8 48
0x000000010595ac2d:   8d 3d 56 03 00 00 b0 00 e8 2e 03 00 00 31 c0 89
0x000000010595ac3d:   c2 48 8b 45 f8 48 89 45 f0 48 8b 05 b3 43 00 00
0x000000010595ac4d:   48 8b 00 48 8b 40 20 48 8b 3d a5 43 00 00 48 8d
0x000000010595ac5d:   75 e8 ff d0 89 c1 31 c0 89 4d e4 48 83 c4 20 5d
0x000000010595ac6d:   c3 66 90 55 48 89 e5 48 81 ec 80 00 00 00 48 89
0x000000010595ac7d:   7d f8 48 89 75 f0 89 55 ec 48 89 4d e0 4c 89 45
0x000000010595ac8d:   d8 4c 89 4d d0 bf 38 00 00 00 e8 c6 02 00 00 48
0x000000010595ac9d:   89 c1 48 8d 05 62 43 00 00 48 89 08 8b 55 ec 48
0x000000010595acad:   8b 08 89 11 48 8b 00 48 63 38 48 c1 e7 03 e8 a2
0x000000010595acbd:   02 00 00 48 89 45 b8 c7 45 c4 00 00 00 00 48 8d
0x000000010595accd:   0d 36 43 00 00 8b 45 c4 48 8b 09 3b 01 0f 8d 9c
0x000000010595acdd:   00 00 00 48 8d 05 21 43 00 00 48 8b 00 48 63 38
0x000000010595aced:   48 c1 e7 02 e8 6c 02 00 00 48 89 c2 48 8b 45 b8
0x000000010595acfd:   48 63 4d c4 48 89 14 c8 48 8b 45 f8 48 8b 00 48
0x000000010595ad0d:   8b 80 68 05 00 00 48 8b 7d f8 48 8b 75 d8 8b 55
0x000000010595ad1d:   c4 ff d0 31 d2 48 8d 0d df 42 00 00 48 89 45 b0
0x000000010595ad2d:   48 8b 45 f8 48 8b 00 48 8b 80 58 06 00 00 48 8b
0x000000010595ad3d:   7d f8 48 8b 75 b0 48 8b 09 8b 09 4c 8b 45 b8 4c 



---------------  P R O C E S S  ---------------

VM state: not at safepoint (normal execution)

VM Mutex/Monitor currently owned by a thread: None

Heap address: 0x0000000700000000, size: 4096 MB, Compressed Oops mode: Zero based, Oop shift amount: 3
CDS archive(s) mapped at: [0x0000000800000000-0x0000000800b2b000-0x0000000800b2b000), size 11710464, SharedBaseAddress: 0x0000000800000000, ArchiveRelocationMode: 0.
Compressed class space mapped at: 0x0000000800b2c000-0x0000000840b2c000, size: 1073741824
Narrow klass base: 0x0000000800000000, Narrow klass shift: 3, Narrow klass range: 0x100000000

GC Precious Log:
 CPUs: 8 total, 8 available
 Memory: 16384M
 Large Page Support: Disabled
 NUMA Support: Disabled
 Compressed Oops: Enabled (Zero based)
 Heap Region Size: 2M
 Heap Min Capacity: 8M
 Heap Initial Capacity: 256M
 Heap Max Capacity: 4G
 Pre-touch: Disabled
 Parallel Workers: 8
 Concurrent Workers: 2
 Concurrent Refinement Workers: 8
 Periodic GC: Disabled

Heap:
 garbage-first heap   total 266240K, used 64204K [0x0000000700000000, 0x0000000800000000)
  region size 2048K, 6 young (12288K), 2 survivors (4096K)
 Metaspace       used 298K, capacity 4508K, committed 4864K, reserved 1056768K
  class space    used 23K, capacity 392K, committed 512K, reserved 1048576K

Heap Regions: E=young(eden), S=young(survivor), O=old, HS=humongous(starts), HC=humongous(continues), CS=collection set, F=free, OA=open archive, CA=closed archive, TAMS=top-at-mark-start (previous, next)
|   0|0x0000000700000000, 0x0000000700200000, 0x0000000700200000|100%| O|  |TAMS 0x0000000700000000, 0x0000000700000000| Untracked 
|   1|0x0000000700200000, 0x0000000700400000, 0x0000000700400000|100%| O|  |TAMS 0x0000000700200000, 0x0000000700200000| Untracked 
|   2|0x0000000700400000, 0x0000000700600000, 0x0000000700600000|100%| O|  |TAMS 0x0000000700400000, 0x0000000700400000| Untracked 
|   3|0x0000000700600000, 0x0000000700800000, 0x0000000700800000|100%| O|  |TAMS 0x0000000700600000, 0x0000000700600000| Untracked 
|   4|0x0000000700800000, 0x0000000700a00000, 0x0000000700a00000|100%| O|  |TAMS 0x0000000700800000, 0x0000000700800000| Untracked 
|   5|0x0000000700a00000, 0x0000000700c00000, 0x0000000700c00000|100%| O|  |TAMS 0x0000000700a00000, 0x0000000700a00000| Untracked 
|   6|0x0000000700c00000, 0x0000000700e00000, 0x0000000700e00000|100%| O|  |TAMS 0x0000000700c00000, 0x0000000700c00000| Untracked 
|   7|0x0000000700e00000, 0x0000000701000000, 0x0000000701000000|100%| O|  |TAMS 0x0000000700e00000, 0x0000000700e00000| Untracked 
|   8|0x0000000701000000, 0x0000000701200000, 0x0000000701200000|100%| O|  |TAMS 0x0000000701000000, 0x0000000701000000| Untracked 
|   9|0x0000000701200000, 0x0000000701400000, 0x0000000701400000|100%| O|  |TAMS 0x0000000701200000, 0x0000000701200000| Untracked 
|  10|0x0000000701400000, 0x0000000701600000, 0x0000000701600000|100%| O|  |TAMS 0x0000000701400000, 0x0000000701400000| Untracked 
|  11|0x0000000701600000, 0x0000000701800000, 0x0000000701800000|100%| O|  |TAMS 0x0000000701600000, 0x0000000701600000| Untracked 
|  12|0x0000000701800000, 0x0000000701a00000, 0x0000000701a00000|100%| O|  |TAMS 0x0000000701800000, 0x0000000701800000| Untracked 
|  13|0x0000000701a00000, 0x0000000701c00000, 0x0000000701c00000|100%| O|  |TAMS 0x0000000701a00000, 0x0000000701a00000| Untracked 
|  14|0x0000000701c00000, 0x0000000701e00000, 0x0000000701e00000|100%| O|  |TAMS 0x0000000701c00000, 0x0000000701c00000| Untracked 
|  15|0x0000000701e00000, 0x0000000702000000, 0x0000000702000000|100%| O|  |TAMS 0x0000000701e00000, 0x0000000701e00000| Untracked 
|  16|0x0000000702000000, 0x0000000702200000, 0x0000000702200000|100%| O|  |TAMS 0x0000000702000000, 0x0000000702000000| Untracked 
|  17|0x0000000702200000, 0x0000000702400000, 0x0000000702400000|100%| O|  |TAMS 0x0000000702200000, 0x0000000702200000| Untracked 
|  18|0x0000000702400000, 0x0000000702600000, 0x0000000702600000|100%| O|  |TAMS 0x0000000702400000, 0x0000000702400000| Untracked 
|  19|0x0000000702600000, 0x0000000702800000, 0x0000000702800000|100%| O|  |TAMS 0x0000000702600000, 0x0000000702600000| Untracked 
|  20|0x0000000702800000, 0x0000000702a00000, 0x0000000702a00000|100%| O|  |TAMS 0x0000000702800000, 0x0000000702800000| Untracked 
|  21|0x0000000702a00000, 0x0000000702c00000, 0x0000000702c00000|100%| O|  |TAMS 0x0000000702a00000, 0x0000000702a00000| Untracked 
|  22|0x0000000702c00000, 0x0000000702e00000, 0x0000000702e00000|100%| O|  |TAMS 0x0000000702c00000, 0x0000000702c00000| Untracked 
|  23|0x0000000702e00000, 0x0000000703000000, 0x0000000703000000|100%| O|  |TAMS 0x0000000702e00000, 0x0000000702e00000| Untracked 
|  24|0x0000000703000000, 0x0000000703200000, 0x0000000703200000|100%| O|  |TAMS 0x0000000703000000, 0x0000000703000000| Untracked 
|  25|0x0000000703200000, 0x00000007032e9000, 0x0000000703400000| 45%| O|  |TAMS 0x0000000703200000, 0x0000000703200000| Untracked 
|  26|0x0000000703400000, 0x0000000703400000, 0x0000000703600000|  0%| F|  |TAMS 0x0000000703400000, 0x0000000703400000| Untracked 
|  27|0x0000000703600000, 0x0000000703600000, 0x0000000703800000|  0%| F|  |TAMS 0x0000000703600000, 0x0000000703600000| Untracked 
|  28|0x0000000703800000, 0x0000000703800000, 0x0000000703a00000|  0%| F|  |TAMS 0x0000000703800000, 0x0000000703800000| Untracked 
|  29|0x0000000703a00000, 0x0000000703a00000, 0x0000000703c00000|  0%| F|  |TAMS 0x0000000703a00000, 0x0000000703a00000| Untracked 
|  30|0x0000000703c00000, 0x0000000703c00000, 0x0000000703e00000|  0%| F|  |TAMS 0x0000000703c00000, 0x0000000703c00000| Untracked 
|  31|0x0000000703e00000, 0x0000000703e00000, 0x0000000704000000|  0%| F|  |TAMS 0x0000000703e00000, 0x0000000703e00000| Untracked 
|  32|0x0000000704000000, 0x0000000704000000, 0x0000000704200000|  0%| F|  |TAMS 0x0000000704000000, 0x0000000704000000| Untracked 
|  33|0x0000000704200000, 0x0000000704200000, 0x0000000704400000|  0%| F|  |TAMS 0x0000000704200000, 0x0000000704200000| Untracked 
|  34|0x0000000704400000, 0x0000000704400000, 0x0000000704600000|  0%| F|  |TAMS 0x0000000704400000, 0x0000000704400000| Untracked 
|  35|0x0000000704600000, 0x0000000704600000, 0x0000000704800000|  0%| F|  |TAMS 0x0000000704600000, 0x0000000704600000| Untracked 
|  36|0x0000000704800000, 0x0000000704800000, 0x0000000704a00000|  0%| F|  |TAMS 0x0000000704800000, 0x0000000704800000| Untracked 
|  37|0x0000000704a00000, 0x0000000704a00000, 0x0000000704c00000|  0%| F|  |TAMS 0x0000000704a00000, 0x0000000704a00000| Untracked 
|  38|0x0000000704c00000, 0x0000000704c00000, 0x0000000704e00000|  0%| F|  |TAMS 0x0000000704c00000, 0x0000000704c00000| Untracked 
|  39|0x0000000704e00000, 0x0000000704e00000, 0x0000000705000000|  0%| F|  |TAMS 0x0000000704e00000, 0x0000000704e00000| Untracked 
|  40|0x0000000705000000, 0x0000000705000000, 0x0000000705200000|  0%| F|  |TAMS 0x0000000705000000, 0x0000000705000000| Untracked 
|  41|0x0000000705200000, 0x0000000705200000, 0x0000000705400000|  0%| F|  |TAMS 0x0000000705200000, 0x0000000705200000| Untracked 
|  42|0x0000000705400000, 0x0000000705400000, 0x0000000705600000|  0%| F|  |TAMS 0x0000000705400000, 0x0000000705400000| Untracked 
|  43|0x0000000705600000, 0x0000000705600000, 0x0000000705800000|  0%| F|  |TAMS 0x0000000705600000, 0x0000000705600000| Untracked 
|  44|0x0000000705800000, 0x0000000705800000, 0x0000000705a00000|  0%| F|  |TAMS 0x0000000705800000, 0x0000000705800000| Untracked 
|  45|0x0000000705a00000, 0x0000000705a00000, 0x0000000705c00000|  0%| F|  |TAMS 0x0000000705a00000, 0x0000000705a00000| Untracked 
|  46|0x0000000705c00000, 0x0000000705c00000, 0x0000000705e00000|  0%| F|  |TAMS 0x0000000705c00000, 0x0000000705c00000| Untracked 
|  47|0x0000000705e00000, 0x0000000705e00000, 0x0000000706000000|  0%| F|  |TAMS 0x0000000705e00000, 0x0000000705e00000| Untracked 
|  48|0x0000000706000000, 0x0000000706000000, 0x0000000706200000|  0%| F|  |TAMS 0x0000000706000000, 0x0000000706000000| Untracked 
|  49|0x0000000706200000, 0x0000000706200000, 0x0000000706400000|  0%| F|  |TAMS 0x0000000706200000, 0x0000000706200000| Untracked 
|  50|0x0000000706400000, 0x0000000706400000, 0x0000000706600000|  0%| F|  |TAMS 0x0000000706400000, 0x0000000706400000| Untracked 
|  51|0x0000000706600000, 0x0000000706600000, 0x0000000706800000|  0%| F|  |TAMS 0x0000000706600000, 0x0000000706600000| Untracked 
|  52|0x0000000706800000, 0x0000000706800000, 0x0000000706a00000|  0%| F|  |TAMS 0x0000000706800000, 0x0000000706800000| Untracked 
|  53|0x0000000706a00000, 0x0000000706a00000, 0x0000000706c00000|  0%| F|  |TAMS 0x0000000706a00000, 0x0000000706a00000| Untracked 
|  54|0x0000000706c00000, 0x0000000706c00000, 0x0000000706e00000|  0%| F|  |TAMS 0x0000000706c00000, 0x0000000706c00000| Untracked 
|  55|0x0000000706e00000, 0x0000000706e00000, 0x0000000707000000|  0%| F|  |TAMS 0x0000000706e00000, 0x0000000706e00000| Untracked 
|  56|0x0000000707000000, 0x0000000707000000, 0x0000000707200000|  0%| F|  |TAMS 0x0000000707000000, 0x0000000707000000| Untracked 
|  57|0x0000000707200000, 0x0000000707200000, 0x0000000707400000|  0%| F|  |TAMS 0x0000000707200000, 0x0000000707200000| Untracked 
|  58|0x0000000707400000, 0x0000000707400000, 0x0000000707600000|  0%| F|  |TAMS 0x0000000707400000, 0x0000000707400000| Untracked 
|  59|0x0000000707600000, 0x0000000707600000, 0x0000000707800000|  0%| F|  |TAMS 0x0000000707600000, 0x0000000707600000| Untracked 
|  60|0x0000000707800000, 0x0000000707800000, 0x0000000707a00000|  0%| F|  |TAMS 0x0000000707800000, 0x0000000707800000| Untracked 
|  61|0x0000000707a00000, 0x0000000707a00000, 0x0000000707c00000|  0%| F|  |TAMS 0x0000000707a00000, 0x0000000707a00000| Untracked 
|  62|0x0000000707c00000, 0x0000000707c00000, 0x0000000707e00000|  0%| F|  |TAMS 0x0000000707c00000, 0x0000000707c00000| Untracked 
|  63|0x0000000707e00000, 0x0000000707e00000, 0x0000000708000000|  0%| F|  |TAMS 0x0000000707e00000, 0x0000000707e00000| Untracked 
|  64|0x0000000708000000, 0x0000000708000000, 0x0000000708200000|  0%| F|  |TAMS 0x0000000708000000, 0x0000000708000000| Untracked 
|  65|0x0000000708200000, 0x0000000708200000, 0x0000000708400000|  0%| F|  |TAMS 0x0000000708200000, 0x0000000708200000| Untracked 
|  66|0x0000000708400000, 0x0000000708400000, 0x0000000708600000|  0%| F|  |TAMS 0x0000000708400000, 0x0000000708400000| Untracked 
|  67|0x0000000708600000, 0x0000000708600000, 0x0000000708800000|  0%| F|  |TAMS 0x0000000708600000, 0x0000000708600000| Untracked 
|  68|0x0000000708800000, 0x0000000708800000, 0x0000000708a00000|  0%| F|  |TAMS 0x0000000708800000, 0x0000000708800000| Untracked 
|  69|0x0000000708a00000, 0x0000000708a00000, 0x0000000708c00000|  0%| F|  |TAMS 0x0000000708a00000, 0x0000000708a00000| Untracked 
|  70|0x0000000708c00000, 0x0000000708c00000, 0x0000000708e00000|  0%| F|  |TAMS 0x0000000708c00000, 0x0000000708c00000| Untracked 
|  71|0x0000000708e00000, 0x0000000708e00000, 0x0000000709000000|  0%| F|  |TAMS 0x0000000708e00000, 0x0000000708e00000| Untracked 
|  72|0x0000000709000000, 0x0000000709000000, 0x0000000709200000|  0%| F|  |TAMS 0x0000000709000000, 0x0000000709000000| Untracked 
|  73|0x0000000709200000, 0x0000000709200000, 0x0000000709400000|  0%| F|  |TAMS 0x0000000709200000, 0x0000000709200000| Untracked 
|  74|0x0000000709400000, 0x0000000709400000, 0x0000000709600000|  0%| F|  |TAMS 0x0000000709400000, 0x0000000709400000| Untracked 
|  75|0x0000000709600000, 0x0000000709600000, 0x0000000709800000|  0%| F|  |TAMS 0x0000000709600000, 0x0000000709600000| Untracked 
|  76|0x0000000709800000, 0x0000000709800000, 0x0000000709a00000|  0%| F|  |TAMS 0x0000000709800000, 0x0000000709800000| Untracked 
|  77|0x0000000709a00000, 0x0000000709a00000, 0x0000000709c00000|  0%| F|  |TAMS 0x0000000709a00000, 0x0000000709a00000| Untracked 
|  78|0x0000000709c00000, 0x0000000709c00000, 0x0000000709e00000|  0%| F|  |TAMS 0x0000000709c00000, 0x0000000709c00000| Untracked 
|  79|0x0000000709e00000, 0x0000000709e00000, 0x000000070a000000|  0%| F|  |TAMS 0x0000000709e00000, 0x0000000709e00000| Untracked 
|  80|0x000000070a000000, 0x000000070a000000, 0x000000070a200000|  0%| F|  |TAMS 0x000000070a000000, 0x000000070a000000| Untracked 
|  81|0x000000070a200000, 0x000000070a200000, 0x000000070a400000|  0%| F|  |TAMS 0x000000070a200000, 0x000000070a200000| Untracked 
|  82|0x000000070a400000, 0x000000070a400000, 0x000000070a600000|  0%| F|  |TAMS 0x000000070a400000, 0x000000070a400000| Untracked 
|  83|0x000000070a600000, 0x000000070a600000, 0x000000070a800000|  0%| F|  |TAMS 0x000000070a600000, 0x000000070a600000| Untracked 
|  84|0x000000070a800000, 0x000000070a800000, 0x000000070aa00000|  0%| F|  |TAMS 0x000000070a800000, 0x000000070a800000| Untracked 
|  85|0x000000070aa00000, 0x000000070aa00000, 0x000000070ac00000|  0%| F|  |TAMS 0x000000070aa00000, 0x000000070aa00000| Untracked 
|  86|0x000000070ac00000, 0x000000070ac00000, 0x000000070ae00000|  0%| F|  |TAMS 0x000000070ac00000, 0x000000070ac00000| Untracked 
|  87|0x000000070ae00000, 0x000000070ae00000, 0x000000070b000000|  0%| F|  |TAMS 0x000000070ae00000, 0x000000070ae00000| Untracked 
|  88|0x000000070b000000, 0x000000070b000000, 0x000000070b200000|  0%| F|  |TAMS 0x000000070b000000, 0x000000070b000000| Untracked 
|  89|0x000000070b200000, 0x000000070b200000, 0x000000070b400000|  0%| F|  |TAMS 0x000000070b200000, 0x000000070b200000| Untracked 
|  90|0x000000070b400000, 0x000000070b400000, 0x000000070b600000|  0%| F|  |TAMS 0x000000070b400000, 0x000000070b400000| Untracked 
|  91|0x000000070b600000, 0x000000070b600000, 0x000000070b800000|  0%| F|  |TAMS 0x000000070b600000, 0x000000070b600000| Untracked 
|  92|0x000000070b800000, 0x000000070b800000, 0x000000070ba00000|  0%| F|  |TAMS 0x000000070b800000, 0x000000070b800000| Untracked 
|  93|0x000000070ba00000, 0x000000070ba00000, 0x000000070bc00000|  0%| F|  |TAMS 0x000000070ba00000, 0x000000070ba00000| Untracked 
|  94|0x000000070bc00000, 0x000000070bc00000, 0x000000070be00000|  0%| F|  |TAMS 0x000000070bc00000, 0x000000070bc00000| Untracked 
|  95|0x000000070be00000, 0x000000070be00000, 0x000000070c000000|  0%| F|  |TAMS 0x000000070be00000, 0x000000070be00000| Untracked 
|  96|0x000000070c000000, 0x000000070c000000, 0x000000070c200000|  0%| F|  |TAMS 0x000000070c000000, 0x000000070c000000| Untracked 
|  97|0x000000070c200000, 0x000000070c200000, 0x000000070c400000|  0%| F|  |TAMS 0x000000070c200000, 0x000000070c200000| Untracked 
|  98|0x000000070c400000, 0x000000070c400000, 0x000000070c600000|  0%| F|  |TAMS 0x000000070c400000, 0x000000070c400000| Untracked 
|  99|0x000000070c600000, 0x000000070c600000, 0x000000070c800000|  0%| F|  |TAMS 0x000000070c600000, 0x000000070c600000| Untracked 
| 100|0x000000070c800000, 0x000000070c800000, 0x000000070ca00000|  0%| F|  |TAMS 0x000000070c800000, 0x000000070c800000| Untracked 
| 101|0x000000070ca00000, 0x000000070ca00000, 0x000000070cc00000|  0%| F|  |TAMS 0x000000070ca00000, 0x000000070ca00000| Untracked 
| 102|0x000000070cc00000, 0x000000070cc00000, 0x000000070ce00000|  0%| F|  |TAMS 0x000000070cc00000, 0x000000070cc00000| Untracked 
| 103|0x000000070ce00000, 0x000000070ce00000, 0x000000070d000000|  0%| F|  |TAMS 0x000000070ce00000, 0x000000070ce00000| Untracked 
| 104|0x000000070d000000, 0x000000070d000000, 0x000000070d200000|  0%| F|  |TAMS 0x000000070d000000, 0x000000070d000000| Untracked 
| 105|0x000000070d200000, 0x000000070d200000, 0x000000070d400000|  0%| F|  |TAMS 0x000000070d200000, 0x000000070d200000| Untracked 
| 106|0x000000070d400000, 0x000000070d400000, 0x000000070d600000|  0%| F|  |TAMS 0x000000070d400000, 0x000000070d400000| Untracked 
| 107|0x000000070d600000, 0x000000070d600000, 0x000000070d800000|  0%| F|  |TAMS 0x000000070d600000, 0x000000070d600000| Untracked 
| 108|0x000000070d800000, 0x000000070d800000, 0x000000070da00000|  0%| F|  |TAMS 0x000000070d800000, 0x000000070d800000| Untracked 
| 109|0x000000070da00000, 0x000000070da00000, 0x000000070dc00000|  0%| F|  |TAMS 0x000000070da00000, 0x000000070da00000| Untracked 
| 110|0x000000070dc00000, 0x000000070dc00000, 0x000000070de00000|  0%| F|  |TAMS 0x000000070dc00000, 0x000000070dc00000| Untracked 
| 111|0x000000070de00000, 0x000000070de00000, 0x000000070e000000|  0%| F|  |TAMS 0x000000070de00000, 0x000000070de00000| Untracked 
| 112|0x000000070e000000, 0x000000070e000000, 0x000000070e200000|  0%| F|  |TAMS 0x000000070e000000, 0x000000070e000000| Untracked 
| 113|0x000000070e200000, 0x000000070e200000, 0x000000070e400000|  0%| F|  |TAMS 0x000000070e200000, 0x000000070e200000| Untracked 
| 114|0x000000070e400000, 0x000000070e600000, 0x000000070e600000|100%| S|CS|TAMS 0x000000070e400000, 0x000000070e400000| Complete 
| 115|0x000000070e600000, 0x000000070e800000, 0x000000070e800000|100%| S|CS|TAMS 0x000000070e600000, 0x000000070e600000| Complete 
| 116|0x000000070e800000, 0x000000070e800000, 0x000000070ea00000|  0%| F|  |TAMS 0x000000070e800000, 0x000000070e800000| Untracked 
| 117|0x000000070ea00000, 0x000000070ea00000, 0x000000070ec00000|  0%| F|  |TAMS 0x000000070ea00000, 0x000000070ea00000| Untracked 
| 118|0x000000070ec00000, 0x000000070ec00000, 0x000000070ee00000|  0%| F|  |TAMS 0x000000070ec00000, 0x000000070ec00000| Untracked 
| 119|0x000000070ee00000, 0x000000070ee00000, 0x000000070f000000|  0%| F|  |TAMS 0x000000070ee00000, 0x000000070ee00000| Untracked 
| 120|0x000000070f000000, 0x000000070f000000, 0x000000070f200000|  0%| F|  |TAMS 0x000000070f000000, 0x000000070f000000| Untracked 
| 121|0x000000070f200000, 0x000000070f200000, 0x000000070f400000|  0%| F|  |TAMS 0x000000070f200000, 0x000000070f200000| Untracked 
| 122|0x000000070f400000, 0x000000070f400000, 0x000000070f600000|  0%| F|  |TAMS 0x000000070f400000, 0x000000070f400000| Untracked 
| 123|0x000000070f600000, 0x000000070f600000, 0x000000070f800000|  0%| F|  |TAMS 0x000000070f600000, 0x000000070f600000| Untracked 
| 124|0x000000070f800000, 0x000000070f934f30, 0x000000070fa00000| 60%| E|  |TAMS 0x000000070f800000, 0x000000070f800000| Complete 
| 125|0x000000070fa00000, 0x000000070fc00000, 0x000000070fc00000|100%| E|CS|TAMS 0x000000070fa00000, 0x000000070fa00000| Complete 
| 126|0x000000070fc00000, 0x000000070fe00000, 0x000000070fe00000|100%| E|CS|TAMS 0x000000070fc00000, 0x000000070fc00000| Complete 
| 127|0x000000070fe00000, 0x0000000710000000, 0x0000000710000000|100%| E|CS|TAMS 0x000000070fe00000, 0x000000070fe00000| Complete 
|1534|0x00000007bfc00000, 0x00000007bfd51000, 0x00000007bfe00000| 65%|OA|  |TAMS 0x00000007bfc00000, 0x00000007bfc00000| Untracked 
|1535|0x00000007bfe00000, 0x00000007bfe79000, 0x00000007c0000000| 23%|CA|  |TAMS 0x00000007bfe00000, 0x00000007bfe00000| Untracked 

Card table byte_map: [0x0000000105dc1000,0x00000001065c1000] _byte_map_base: 0x00000001025c1000

Marking Bits (Prev, Next): (CMBitMap*) 0x00007faa91035810, (CMBitMap*) 0x00007faa91035850
 Prev Bits: [0x000000011f5e4000, 0x00000001235e4000)
 Next Bits: [0x00000001235e4000, 0x00000001275e4000)

Polling page: 0x0000000104e26000

Metaspace:

Usage:
  Non-class:      4.02 MB capacity,   274.88 KB (  7%) used,     3.75 MB ( 93%) free+waste,   960 bytes ( <1%) overhead. 
      Class:    392.00 KB capacity,    23.46 KB (  6%) used,   368.04 KB ( 94%) free+waste,   512 bytes ( <1%) overhead. 
       Both:      4.40 MB capacity,   298.34 KB (  7%) used,     4.11 MB ( 93%) free+waste,     1.44 KB ( <1%) overhead. 

Virtual space:
  Non-class space:        8.00 MB reserved,       4.25 MB ( 53%) committed 
      Class space:        1.00 GB reserved,     512.00 KB ( <1%) committed 
             Both:        1.01 GB reserved,       4.75 MB ( <1%) committed 

Chunk freelists:
   Non-Class:  0 bytes
       Class:  0 bytes
        Both:  0 bytes

MaxMetaspaceSize: 17179869184.00 GB
CompressedClassSpaceSize: 1.00 GB

CodeHeap 'non-profiled nmethods': size=120028Kb used=43Kb max_used=43Kb free=119984Kb
 bounds [0x00000001178ad000, 0x0000000117b1d000, 0x000000011ede4000]
CodeHeap 'profiled nmethods': size=120028Kb used=95Kb max_used=95Kb free=119932Kb
 bounds [0x0000000110376000, 0x00000001105e6000, 0x00000001178ad000]
CodeHeap 'non-nmethods': size=5704Kb used=1084Kb max_used=1084Kb free=4619Kb
 bounds [0x000000010fde4000, 0x0000000110054000, 0x0000000110376000]
 total_blobs=422 nmethods=102 adapters=234
 compilation: enabled
              stopped_count=0, restarted_count=0
 full_count=0

Compilation events (20 events):
Event: 10.300 Thread 0x00007faa95008600   84       1       java.lang.invoke.MethodType::ptypes (5 bytes)
Event: 10.300 Thread 0x00007faa95008600 nmethod 84 0x00000001178b6010 code [0x00000001178b61a0, 0x00000001178b6250]
Event: 10.301 Thread 0x00007faa95008600   87       3       java.lang.invoke.MethodType::checkSlotCount (33 bytes)
Event: 10.301 Thread 0x00007faa95008600 nmethod 87 0x0000000110389110 code [0x0000000110389340, 0x00000001103899d0]
Event: 10.301 Thread 0x00007faa95008600   91       3       jdk.internal.org.objectweb.asm.ByteVector::putUTF8 (144 bytes)
Event: 10.302 Thread 0x00007faa95008600 nmethod 91 0x0000000110389c10 code [0x0000000110389e80, 0x000000011038a960]
Event: 10.302 Thread 0x00007faa95008600   90       3       java.lang.AbstractStringBuilder::ensureCapacityInternal (39 bytes)
Event: 10.302 Thread 0x00007faa95008600 nmethod 90 0x000000011038ae10 code [0x000000011038afc0, 0x000000011038b1f0]
Event: 10.302 Thread 0x00007faa95008600   92       3       java.lang.invoke.MethodType::parameterType (7 bytes)
Event: 10.302 Thread 0x00007faa95008600 nmethod 92 0x000000011038b310 code [0x000000011038b4a0, 0x000000011038b5d0]
Event: 10.302 Thread 0x00007faa95008600   95       1       java.lang.invoke.MethodType::form (5 bytes)
Event: 10.302 Thread 0x00007faa95008600 nmethod 95 0x00000001178b7c10 code [0x00000001178b7da0, 0x00000001178b7e50]
Event: 10.302 Thread 0x00007faa95008600  100       3       java.lang.StringLatin1::hashCode (42 bytes)
Event: 10.302 Thread 0x00007faa95008600 nmethod 100 0x000000011038b690 code [0x000000011038b820, 0x000000011038b9d0]
Event: 10.302 Thread 0x00007faa95008600   98       3       java.lang.invoke.MethodType::makeImpl (108 bytes)
Event: 10.303 Thread 0x00007faa95008600 nmethod 98 0x000000011038bb10 code [0x000000011038bdc0, 0x000000011038cc50]
Event: 10.303 Thread 0x00007faa95008600  102       3       java.lang.invoke.MethodType$ConcurrentWeakInternSet::expungeStaleElements (27 bytes)
Event: 10.303 Thread 0x00007faa95008600 nmethod 102 0x000000011038d110 code [0x000000011038d2e0, 0x000000011038d7f0]
Event: 10.303 Thread 0x00007faa95008600  101       3       java.lang.invoke.LambdaForm$BasicType::basicType (19 bytes)
Event: 10.303 Thread 0x00007faa95008600 nmethod 101 0x000000011038da10 code [0x000000011038dbc0, 0x000000011038ddf0]

GC Heap History (6 events):
Event: 10.259 GC heap before
{Heap before GC invocations=0 (full 0):
 garbage-first heap   total 266240K, used 24360K [0x0000000700000000, 0x0000000800000000)
  region size 2048K, 11 young (22528K), 0 survivors (0K)
 Metaspace       used 151K, capacity 4490K, committed 4864K, reserved 1056768K
  class space    used 7K, capacity 386K, committed 512K, reserved 1048576K
}
Event: 10.267 GC heap after
{Heap after GC invocations=1 (full 0):
 garbage-first heap   total 266240K, used 23713K [0x0000000700000000, 0x0000000800000000)
  region size 2048K, 2 young (4096K), 2 survivors (4096K)
 Metaspace       used 151K, capacity 4490K, committed 4864K, reserved 1056768K
  class space    used 7K, capacity 386K, committed 512K, reserved 1048576K
}
Event: 10.269 GC heap before
{Heap before GC invocations=1 (full 0):
 garbage-first heap   total 266240K, used 33953K [0x0000000700000000, 0x0000000800000000)
  region size 2048K, 8 young (16384K), 2 survivors (4096K)
 Metaspace       used 151K, capacity 4490K, committed 4864K, reserved 1056768K
  class space    used 7K, capacity 386K, committed 512K, reserved 1048576K
}
Event: 10.273 GC heap after
{Heap after GC invocations=2 (full 0):
 garbage-first heap   total 266240K, used 35892K [0x0000000700000000, 0x0000000800000000)
  region size 2048K, 1 young (2048K), 1 survivors (2048K)
 Metaspace       used 151K, capacity 4490K, committed 4864K, reserved 1056768K
  class space    used 7K, capacity 386K, committed 512K, reserved 1048576K
}
Event: 51.047 GC heap before
{Heap before GC invocations=2 (full 0):
 garbage-first heap   total 266240K, used 58420K [0x0000000700000000, 0x0000000800000000)
  region size 2048K, 12 young (24576K), 1 survivors (2048K)
 Metaspace       used 297K, capacity 4508K, committed 4864K, reserved 1056768K
  class space    used 23K, capacity 392K, committed 512K, reserved 1048576K
}
Event: 51.054 GC heap after
{Heap after GC invocations=3 (full 0):
 garbage-first heap   total 266240K, used 58060K [0x0000000700000000, 0x0000000800000000)
  region size 2048K, 2 young (4096K), 2 survivors (4096K)
 Metaspace       used 297K, capacity 4508K, committed 4864K, reserved 1056768K
  class space    used 23K, capacity 392K, committed 512K, reserved 1048576K
}

Deoptimization events (20 events):
Event: 10.286 Thread 0x00007faa90808200 DEOPT PACKING pc=0x000000011038108a sp=0x000070000ce51990
Event: 10.286 Thread 0x00007faa90808200 DEOPT UNPACKING pc=0x000000010fe31f2b sp=0x000070000ce50ee8 mode 0
Event: 10.286 Thread 0x00007faa90808200 DEOPT PACKING pc=0x000000011038108a sp=0x000070000ce51990
Event: 10.286 Thread 0x00007faa90808200 DEOPT UNPACKING pc=0x000000010fe31f2b sp=0x000070000ce50ee8 mode 0
Event: 10.286 Thread 0x00007faa90808200 DEOPT PACKING pc=0x000000011038108a sp=0x000070000ce51990
Event: 10.286 Thread 0x00007faa90808200 DEOPT UNPACKING pc=0x000000010fe31f2b sp=0x000070000ce50ee8 mode 0
Event: 10.286 Thread 0x00007faa90808200 DEOPT PACKING pc=0x000000011038108a sp=0x000070000ce51990
Event: 10.286 Thread 0x00007faa90808200 DEOPT UNPACKING pc=0x000000010fe31f2b sp=0x000070000ce50ee8 mode 0
Event: 10.287 Thread 0x00007faa90808200 DEOPT PACKING pc=0x000000011038108a sp=0x000070000ce51990
Event: 10.287 Thread 0x00007faa90808200 DEOPT UNPACKING pc=0x000000010fe31f2b sp=0x000070000ce50ee8 mode 0
Event: 10.287 Thread 0x00007faa90808200 DEOPT PACKING pc=0x000000011038108a sp=0x000070000ce51990
Event: 10.287 Thread 0x00007faa90808200 DEOPT UNPACKING pc=0x000000010fe31f2b sp=0x000070000ce50ee8 mode 0
Event: 10.287 Thread 0x00007faa90808200 DEOPT PACKING pc=0x000000011038108a sp=0x000070000ce51990
Event: 10.287 Thread 0x00007faa90808200 DEOPT UNPACKING pc=0x000000010fe31f2b sp=0x000070000ce50ee8 mode 0
Event: 10.287 Thread 0x00007faa90808200 DEOPT PACKING pc=0x000000011038108a sp=0x000070000ce51990
Event: 10.287 Thread 0x00007faa90808200 DEOPT UNPACKING pc=0x000000010fe31f2b sp=0x000070000ce50ee8 mode 0
Event: 10.290 Thread 0x00007faa90808200 Uncommon trap: trap_request=0xffffffad fr.pc=0x00000001178b0bb0 relative=0x0000000000000490
Event: 10.290 Thread 0x00007faa90808200 Uncommon trap: reason=uninitialized action=reinterpret pc=0x00000001178b0bb0 method=MatrixMultiplier.printTimeMeasurementsFor(I)V @ 113 c2
Event: 10.290 Thread 0x00007faa90808200 DEOPT PACKING pc=0x00000001178b0bb0 sp=0x000070000ce51a70
Event: 10.290 Thread 0x00007faa90808200 DEOPT UNPACKING pc=0x000000010fe32125 sp=0x000070000ce519e0 mode 2

Classes unloaded (0 events):
No events

Classes redefined (0 events):
No events

Internal exceptions (0 events):
No events

Events (20 events):
Event: 0.037 Protecting memory [0x000070000de88000,0x000070000de8c000] with protection modes 0
Event: 0.038 loading class java/lang/InterruptedException
Event: 0.038 loading class java/lang/InterruptedException done
Event: 0.243 Loaded shared library /Users/akashkuratkar/eclipse-workspace/Lab2/src/main/java/libnative.dylib
Event: 1.019 Executing VM operation: HandshakeAllThreads
Event: 1.019 Executing VM operation: HandshakeAllThreads done
Event: 10.259 Executing VM operation: G1CollectForAllocation
Event: 10.267 Executing VM operation: G1CollectForAllocation done
Event: 10.268 Executing VM operation: G1CollectForAllocation
Event: 10.273 Executing VM operation: G1CollectForAllocation done
Event: 10.297 loading class java/lang/invoke/BoundMethodHandle$Species_LL
Event: 10.297 loading class java/lang/invoke/BoundMethodHandle$Species_LL done
Event: 10.298 loading class java/lang/invoke/BoundMethodHandle$Species_LLL
Event: 10.299 loading class java/lang/invoke/BoundMethodHandle$Species_LLL done
Event: 10.300 loading class java/lang/invoke/BoundMethodHandle$Species_LJ
Event: 10.300 loading class java/lang/invoke/BoundMethodHandle$Species_LJ done
Event: 10.301 loading class java/lang/invoke/BoundMethodHandle$Species_LLLL
Event: 10.302 loading class java/lang/invoke/BoundMethodHandle$Species_LLLL done
Event: 51.047 Executing VM operation: G1CollectForAllocation
Event: 51.054 Executing VM operation: G1CollectForAllocation done


Dynamic libraries:
0x0000000104e29000 	/Users/akashkuratkar/Library/Java/JavaVirtualMachines/openjdk-15.0.1/Contents/Home/lib/libjli.dylib
0x00007ff81b001000 	/usr/lib/libz.1.dylib
0x00007ff81b0e1000 	/usr/lib/libSystem.B.dylib
0x00007ff81b0dc000 	/usr/lib/system/libcache.dylib
0x00007ff81b098000 	/usr/lib/system/libcommonCrypto.dylib
0x00007ff81b0c1000 	/usr/lib/system/libcompiler_rt.dylib
0x00007ff81b0b7000 	/usr/lib/system/libcopyfile.dylib
0x00007ff810055000 	/usr/lib/system/libcorecrypto.dylib
0x00007ff810114000 	/usr/lib/system/libdispatch.dylib
0x00007ff8102d3000 	/usr/lib/system/libdyld.dylib
0x00007ff81b0d3000 	/usr/lib/system/libkeymgr.dylib
0x00007ff81b076000 	/usr/lib/system/libmacho.dylib
0x00007ff81a70d000 	/usr/lib/system/libquarantine.dylib
0x00007ff81b0d1000 	/usr/lib/system/libremovefile.dylib
0x00007ff81522b000 	/usr/lib/system/libsystem_asl.dylib
0x00007ff810003000 	/usr/lib/system/libsystem_blocks.dylib
0x00007ff810198000 	/usr/lib/system/libsystem_c.dylib
0x00007ff81b0c9000 	/usr/lib/system/libsystem_collections.dylib
0x00007ff8198f4000 	/usr/lib/system/libsystem_configuration.dylib
0x00007ff818bb6000 	/usr/lib/system/libsystem_containermanager.dylib
0x00007ff81adb5000 	/usr/lib/system/libsystem_coreservices.dylib
0x00007ff8128f9000 	/usr/lib/system/libsystem_darwin.dylib
0x00007ff81b0d4000 	/usr/lib/system/libsystem_dnssd.dylib
0x00007ff810195000 	/usr/lib/system/libsystem_featureflags.dylib
0x00007ff8102e9000 	/usr/lib/system/libsystem_info.dylib
0x00007ff81b014000 	/usr/lib/system/libsystem_m.dylib
0x00007ff8100e8000 	/usr/lib/system/libsystem_malloc.dylib
0x00007ff8151c8000 	/usr/lib/system/libsystem_networkextension.dylib
0x00007ff812d21000 	/usr/lib/system/libsystem_notify.dylib
0x00007ff821212000 	/usr/lib/system/libsystem_product_info_filter.dylib
0x00007ff8198f8000 	/usr/lib/system/libsystem_sandbox.dylib
0x00007ff81b0ce000 	/usr/lib/system/libsystem_secinit.dylib
0x00007ff810290000 	/usr/lib/system/libsystem_kernel.dylib
0x00007ff8102df000 	/usr/lib/system/libsystem_platform.dylib
0x00007ff8102c7000 	/usr/lib/system/libsystem_pthread.dylib
0x00007ff816a7c000 	/usr/lib/system/libsystem_symptoms.dylib
0x00007ff81003c000 	/usr/lib/system/libsystem_trace.dylib
0x00007ff81b0a4000 	/usr/lib/system/libunwind.dylib
0x00007ff810005000 	/usr/lib/system/libxpc.dylib
0x00007ff81027a000 	/usr/lib/libc++abi.dylib
0x00007ff81015b000 	/usr/lib/libobjc.A.dylib
0x00007ff81b0af000 	/usr/lib/liboah.dylib
0x00007ff810221000 	/usr/lib/libc++.1.dylib
0x00007ff826f41000 	/System/Library/Frameworks/Cocoa.framework/Versions/A/Cocoa
0x00007ff812d7f000 	/System/Library/Frameworks/AppKit.framework/Versions/C/AppKit
0x00007ff81626c000 	/System/Library/Frameworks/CoreData.framework/Versions/A/CoreData
0x00007ff81119a000 	/System/Library/Frameworks/Foundation.framework/Versions/C/Foundation
0x00007ff813c0c000 	/System/Library/PrivateFrameworks/UIFoundation.framework/Versions/A/UIFoundation
0x00007ff820f19000 	/System/Library/PrivateFrameworks/RemoteViewServices.framework/Versions/A/RemoteViewServices
0x00007ff81928d000 	/System/Library/PrivateFrameworks/XCTTargetBootstrap.framework/Versions/A/XCTTargetBootstrap
0x00007ff81cef0000 	/System/Library/PrivateFrameworks/InternationalSupport.framework/Versions/A/InternationalSupport
0x00007ff81cf7a000 	/System/Library/PrivateFrameworks/UserActivity.framework/Versions/A/UserActivity
0x00007ff81c2d0000 	/usr/lib/libspindump.dylib
0x00007ff813e9a000 	/System/Library/Frameworks/UniformTypeIdentifiers.framework/Versions/A/UniformTypeIdentifiers
0x00007ff8179cc000 	/usr/lib/libapp_launch_measurement.dylib
0x00007ff816c36000 	/System/Library/PrivateFrameworks/CoreAnalytics.framework/Versions/A/CoreAnalytics
0x00007ff8179cf000 	/System/Library/PrivateFrameworks/CoreAutoLayout.framework/Versions/A/CoreAutoLayout
0x00007ff818bee000 	/System/Library/Frameworks/Metal.framework/Versions/A/Metal
0x00007ff819903000 	/usr/lib/liblangid.dylib
0x00007ff819291000 	/System/Library/PrivateFrameworks/CoreSVG.framework/Versions/A/CoreSVG
0x00007ff81525c000 	/System/Library/PrivateFrameworks/SkyLight.framework/Versions/A/SkyLight
0x00007ff8155ed000 	/System/Library/Frameworks/CoreGraphics.framework/Versions/A/CoreGraphics
0x00007ff821584000 	/System/Library/Frameworks/Accelerate.framework/Versions/A/Accelerate
0x00007ff81bd4b000 	/System/Library/PrivateFrameworks/IconServices.framework/Versions/A/IconServices
0x00007ff818bd3000 	/System/Library/Frameworks/IOSurface.framework/Versions/A/IOSurface
0x00007ff816c64000 	/usr/lib/libDiagnosticMessagesClient.dylib
0x00007ff824be3000 	/System/Library/Frameworks/ApplicationServices.framework/Versions/A/ApplicationServices
0x00007ff819279000 	/System/Library/PrivateFrameworks/DFRFoundation.framework/Versions/A/DFRFoundation
0x00007ff812670000 	/usr/lib/libicucore.A.dylib
0x00007ff81dc12000 	/System/Library/Frameworks/AudioToolbox.framework/Versions/A/AudioToolbox
0x00007ff81cefc000 	/System/Library/PrivateFrameworks/DataDetectorsCore.framework/Versions/A/DataDetectorsCore
0x00007ff918742000 	/System/Library/PrivateFrameworks/TextInput.framework/Versions/A/TextInput
0x00007ff8151df000 	/usr/lib/libMobileGestalt.dylib
0x00007ff818f81000 	/System/Library/Frameworks/Carbon.framework/Versions/A/Frameworks/HIToolbox.framework/Versions/A/HIToolbox
0x00007ff8173fa000 	/System/Library/Frameworks/QuartzCore.framework/Versions/A/QuartzCore
0x00007ff812311000 	/System/Library/Frameworks/Security.framework/Versions/A/Security
0x00007ff820f51000 	/System/Library/Frameworks/Carbon.framework/Versions/A/Frameworks/SpeechRecognition.framework/Versions/A/SpeechRecognition
0x00007ff81772c000 	/System/Library/PrivateFrameworks/CoreUI.framework/Versions/A/CoreUI
0x00007ff811beb000 	/System/Library/Frameworks/CoreAudio.framework/Versions/A/CoreAudio
0x00007ff816d52000 	/System/Library/Frameworks/DiskArbitration.framework/Versions/A/DiskArbitration
0x00007ff81c6b7000 	/System/Library/PrivateFrameworks/MultitouchSupport.framework/Versions/A/MultitouchSupport
0x00007ff8151de000 	/usr/lib/libenergytrace.dylib
0x00007ff812c6b000 	/System/Library/Frameworks/IOKit.framework/Versions/A/IOKit
0x00007ff82133b000 	/System/Library/Frameworks/CoreServices.framework/Versions/A/CoreServices
0x00007ff817966000 	/System/Library/PrivateFrameworks/PerformanceAnalysis.framework/Versions/A/PerformanceAnalysis
0x00007ffa27d03000 	/System/Library/Frameworks/OpenGL.framework/Versions/A/OpenGL
0x00007ff81a639000 	/System/Library/PrivateFrameworks/MobileKeyBag.framework/Versions/A/MobileKeyBag
0x00007ff815cb9000 	/System/Library/Frameworks/ColorSync.framework/Versions/A/ColorSync
0x00007ff810314000 	/System/Library/Frameworks/CoreFoundation.framework/Versions/A/CoreFoundation
0x00007ff81950a000 	/System/Library/Frameworks/CoreImage.framework/Versions/A/CoreImage
0x00007ff811a01000 	/System/Library/Frameworks/CoreText.framework/Versions/A/CoreText
0x00007ff8192c0000 	/System/Library/Frameworks/ImageIO.framework/Versions/A/ImageIO
0x00007ff81b0e7000 	/System/Library/PrivateFrameworks/SoftLinking.framework/Versions/A/SoftLinking
0x00007ff817a17000 	/usr/lib/libxml2.2.dylib
0x00007ff81b36a000 	/usr/lib/libcompression.dylib
0x00007ff81ce26000 	/System/Library/PrivateFrameworks/TextureIO.framework/Versions/A/TextureIO
0x00007ff81ba5d000 	/usr/lib/libate.dylib
0x00007ff81b83b000 	/usr/lib/liblzma.5.dylib
0x00007ff810eab000 	/System/Library/Frameworks/SystemConfiguration.framework/Versions/A/SystemConfiguration
0x00007ff81b0e3000 	/usr/lib/libfakelink.dylib
0x00007ff814d32000 	/System/Library/Frameworks/CFNetwork.framework/Versions/A/CFNetwork
0x00007ff81b222000 	/usr/lib/libarchive.2.dylib
0x00007ff8198ff000 	/System/Library/PrivateFrameworks/AppleSystemInfo.framework/Versions/A/AppleSystemInfo
0x00007ff81a733000 	/usr/lib/libbsm.0.dylib
0x00007ff814369000 	/usr/lib/libnetwork.dylib
0x00007ff81b07c000 	/usr/lib/system/libkxld.dylib
0x00007ff81a362000 	/System/Library/PrivateFrameworks/IOMobileFramebuffer.framework/Versions/A/IOMobileFramebuffer
0x00007ffb257ec000 	/usr/lib/libCoreEntitlements.dylib
0x00007ff81ad97000 	/System/Library/PrivateFrameworks/AppleFSCompression.framework/Versions/A/AppleFSCompression
0x00007ff81a71c000 	/usr/lib/libcoretls.dylib
0x00007ff81b855000 	/usr/lib/libcoretls_cfhelpers.dylib
0x00007ff81b365000 	/usr/lib/libpam.2.dylib
0x00007ff81669e000 	/usr/lib/libsqlite3.dylib
0x00007ff81b8c4000 	/usr/lib/libxar.1.dylib
0x00007ff81ada7000 	/usr/lib/libbz2.1.0.dylib
0x00007ff81b0e8000 	/usr/lib/libpcap.A.dylib
0x00007ff816a73000 	/usr/lib/libdns_services.dylib
0x00007ff81b334000 	/usr/lib/libapple_nghttp2.dylib
0x00007ff81b11f000 	/usr/lib/libiconv.2.dylib
0x00007ff81b075000 	/usr/lib/libcharset.1.dylib
0x00007ff81799a000 	/System/Library/Frameworks/CoreServices.framework/Versions/A/Frameworks/FSEvents.framework/Versions/A/FSEvents
0x00007ff812903000 	/System/Library/Frameworks/CoreServices.framework/Versions/A/Frameworks/CarbonCore.framework/Versions/A/CarbonCore
0x00007ff816cb7000 	/System/Library/Frameworks/CoreServices.framework/Versions/A/Frameworks/Metadata.framework/Versions/A/Metadata
0x00007ff81adba000 	/System/Library/Frameworks/CoreServices.framework/Versions/A/Frameworks/OSServices.framework/Versions/A/OSServices
0x00007ff81b2a8000 	/System/Library/Frameworks/CoreServices.framework/Versions/A/Frameworks/SearchKit.framework/Versions/A/SearchKit
0x00007ff816a05000 	/System/Library/Frameworks/CoreServices.framework/Versions/A/Frameworks/AE.framework/Versions/A/AE
0x00007ff810817000 	/System/Library/Frameworks/CoreServices.framework/Versions/A/Frameworks/LaunchServices.framework/Versions/A/LaunchServices
0x00007ff81b7ec000 	/System/Library/Frameworks/CoreServices.framework/Versions/A/Frameworks/DictionaryServices.framework/Versions/A/DictionaryServices
0x00007ff8179a7000 	/System/Library/Frameworks/CoreServices.framework/Versions/A/Frameworks/SharedFileList.framework/Versions/A/SharedFileList
0x00007ff81a710000 	/usr/lib/libCheckFix.dylib
0x00007ff815242000 	/System/Library/PrivateFrameworks/TCC.framework/Versions/A/TCC
0x00007ff819905000 	/System/Library/PrivateFrameworks/CoreNLP.framework/Versions/A/CoreNLP
0x00007ff816c67000 	/System/Library/PrivateFrameworks/MetadataUtilities.framework/Versions/A/MetadataUtilities
0x00007ff810f5b000 	/usr/lib/libmecabra.dylib
0x00007ff81a743000 	/usr/lib/libmecab.dylib
0x00007ff810f26000 	/usr/lib/libCRFSuite.dylib
0x00007ff81a7a0000 	/usr/lib/libgermantok.dylib
0x00007ff81b30f000 	/usr/lib/libThaiTokenizer.dylib
0x00007ff816d59000 	/System/Library/Frameworks/Accelerate.framework/Versions/A/Frameworks/vImage.framework/Versions/A/vImage
0x00007ff821312000 	/System/Library/Frameworks/Accelerate.framework/Versions/A/Frameworks/vecLib.framework/Versions/A/vecLib
0x00007ff81b905000 	/System/Library/Frameworks/Accelerate.framework/Versions/A/Frameworks/vecLib.framework/Versions/A/libvMisc.dylib
0x00007ff81a180000 	/System/Library/Frameworks/Accelerate.framework/Versions/A/Frameworks/vecLib.framework/Versions/A/libvDSP.dylib
0x00007ff810b8f000 	/System/Library/Frameworks/Accelerate.framework/Versions/A/Frameworks/vecLib.framework/Versions/A/libBLAS.dylib
0x00007ff81b446000 	/System/Library/Frameworks/Accelerate.framework/Versions/A/Frameworks/vecLib.framework/Versions/A/libLAPACK.dylib
0x00007ff81a7a3000 	/System/Library/Frameworks/Accelerate.framework/Versions/A/Frameworks/vecLib.framework/Versions/A/libLinearAlgebra.dylib
0x00007ff81b34d000 	/System/Library/Frameworks/Accelerate.framework/Versions/A/Frameworks/vecLib.framework/Versions/A/libSparseBLAS.dylib
0x00007ff81b440000 	/System/Library/Frameworks/Accelerate.framework/Versions/A/Frameworks/vecLib.framework/Versions/A/libQuadrature.dylib
0x00007ff8199ef000 	/System/Library/Frameworks/Accelerate.framework/Versions/A/Frameworks/vecLib.framework/Versions/A/libBNNS.dylib
0x00007ff810e3c000 	/System/Library/Frameworks/Accelerate.framework/Versions/A/Frameworks/vecLib.framework/Versions/A/libSparse.dylib
0x00007ff8199e8000 	/System/Library/PrivateFrameworks/LinguisticData.framework/Versions/A/LinguisticData
0x00007ff810df1000 	/System/Library/PrivateFrameworks/Lexicon.framework/Versions/A/Lexicon
0x00007ff81b8fe000 	/usr/lib/libChineseTokenizer.dylib
0x00007ff811555000 	/System/Library/PrivateFrameworks/LanguageModeling.framework/Versions/A/LanguageModeling
0x00007ff81b311000 	/System/Library/PrivateFrameworks/AppleSauce.framework/Versions/A/AppleSauce
0x00007ff81a350000 	/System/Library/PrivateFrameworks/CoreEmoji.framework/Versions/A/CoreEmoji
0x00007ff81b211000 	/usr/lib/libcmph.dylib
0x00007ff81797e000 	/System/Library/Frameworks/OpenDirectory.framework/Versions/A/Frameworks/CFOpenDirectory.framework/Versions/A/CFOpenDirectory
0x00007ff817972000 	/System/Library/Frameworks/OpenDirectory.framework/Versions/A/OpenDirectory
0x00007ff81b857000 	/System/Library/PrivateFrameworks/APFS.framework/Versions/A/APFS
0x00007ff81a671000 	/System/Library/Frameworks/SecurityFoundation.framework/Versions/A/SecurityFoundation
0x00007ff81b8d2000 	/usr/lib/libutil.dylib
0x00007ff812c2e000 	/System/Library/PrivateFrameworks/CoreServicesStore.framework/Versions/A/CoreServicesStore
0x00007ff81b8d6000 	/usr/lib/libxslt.1.dylib
0x00007ff81a6fe000 	/System/Library/PrivateFrameworks/BackgroundTaskManagement.framework/Versions/A/BackgroundTaskManagement
0x00007ff81cd46000 	/System/Library/Frameworks/ImageIO.framework/Versions/A/Resources/libRadiance.dylib
0x00007ff81cd4f000 	/System/Library/Frameworks/ImageIO.framework/Versions/A/Resources/libJPEG.dylib
0x00007ff81cc9f000 	/System/Library/Frameworks/ImageIO.framework/Versions/A/Resources/libPng.dylib
0x00007ff81ccc0000 	/System/Library/Frameworks/ImageIO.framework/Versions/A/Resources/libTIFF.dylib
0x00007ff81cdaf000 	/System/Library/Frameworks/ImageIO.framework/Versions/A/Resources/libGIF.dylib
0x00007ff81c5d0000 	/System/Library/Frameworks/ImageIO.framework/Versions/A/Resources/libJP2.dylib
0x00007ff81bd12000 	/usr/lib/libexpat.1.dylib
0x00007ff81c585000 	/System/Library/PrivateFrameworks/AppleJPEG.framework/Versions/A/AppleJPEG
0x00007ff818e48000 	/System/Library/PrivateFrameworks/FontServices.framework/libFontParser.dylib
0x00007ff8169af000 	/System/Library/PrivateFrameworks/RunningBoardServices.framework/Versions/A/RunningBoardServices
0x00007ff8274b2000 	/System/Library/PrivateFrameworks/IOSurfaceAccelerator.framework/Versions/A/IOSurfaceAccelerator
0x00007ff81c6b3000 	/System/Library/PrivateFrameworks/WatchdogClient.framework/Versions/A/WatchdogClient
0x00007ff811644000 	/System/Library/Frameworks/CoreDisplay.framework/Versions/A/CoreDisplay
0x00007ff818d48000 	/System/Library/Frameworks/CoreMedia.framework/Versions/A/CoreMedia
0x00007ff818be5000 	/System/Library/PrivateFrameworks/IOAccelerator.framework/Versions/A/IOAccelerator
0x00007ff817afa000 	/System/Library/Frameworks/CoreVideo.framework/Versions/A/CoreVideo
0x00007ff81b363000 	/System/Library/Frameworks/MetalPerformanceShaders.framework/Versions/A/MetalPerformanceShaders
0x00007ff81c6ee000 	/System/Library/Frameworks/VideoToolbox.framework/Versions/A/VideoToolbox
0x00007ff8168f7000 	/System/Library/PrivateFrameworks/BaseBoard.framework/Versions/A/BaseBoard
0x00007ff816684000 	/System/Library/PrivateFrameworks/ProtocolBuffer.framework/Versions/A/ProtocolBuffer
0x00007ff81cd3f000 	/System/Library/PrivateFrameworks/GPUWrangler.framework/Versions/A/GPUWrangler
0x00007ff81cd22000 	/System/Library/PrivateFrameworks/IOPresentment.framework/Versions/A/IOPresentment
0x00007ff81cd49000 	/System/Library/PrivateFrameworks/DSExternalDisplay.framework/Versions/A/DSExternalDisplay
0x00007ffa27cf7000 	/System/Library/Frameworks/OpenGL.framework/Versions/A/Libraries/libCoreFSCache.dylib
0x00007ffb13deb000 	/System/Library/PrivateFrameworks/GPUCompiler.framework/Versions/31001/Libraries/libGPUCompilerUtils.dylib
0x00007ff81cdb4000 	/System/Library/PrivateFrameworks/CMCaptureCore.framework/Versions/A/CMCaptureCore
0x00007ff81c2be000 	/System/Library/PrivateFrameworks/AppServerSupport.framework/Versions/A/AppServerSupport
0x00007ff81e48f000 	/System/Library/PrivateFrameworks/perfdata.framework/Versions/A/perfdata
0x00007ff811770000 	/System/Library/PrivateFrameworks/AudioToolboxCore.framework/Versions/A/AudioToolboxCore
0x00007ff818d25000 	/System/Library/PrivateFrameworks/caulk.framework/Versions/A/caulk
0x00007ff81ddbc000 	/usr/lib/libAudioStatistics.dylib
0x00007ff915001000 	/System/Library/PrivateFrameworks/SystemPolicy.framework/Versions/A/SystemPolicy
0x00007ff81e008000 	/usr/lib/libSMC.dylib
0x00007ff826df4000 	/System/Library/Frameworks/CoreMIDI.framework/Versions/A/CoreMIDI
0x00007ff81cc6f000 	/usr/lib/libAudioToolboxUtility.dylib
0x00007ff911489000 	/System/Library/PrivateFrameworks/OSAServicesClient.framework/Versions/A/OSAServicesClient
0x00007ff81e49c000 	/usr/lib/libperfcheck.dylib
0x00007ff915a8d000 	/usr/lib/libmis.dylib
0x00007ffa27d53000 	/System/Library/Frameworks/OpenGL.framework/Versions/A/Libraries/libGLU.dylib
0x00007ffa27d16000 	/System/Library/Frameworks/OpenGL.framework/Versions/A/Libraries/libGFXShared.dylib
0x00007ffa27f24000 	/System/Library/Frameworks/OpenGL.framework/Versions/A/Libraries/libGL.dylib
0x00007ffa27d1f000 	/System/Library/Frameworks/OpenGL.framework/Versions/A/Libraries/libGLImage.dylib
0x00007ffa27d13000 	/System/Library/Frameworks/OpenGL.framework/Versions/A/Libraries/libCVMSPluginSupport.dylib
0x00007ffa27cfe000 	/System/Library/Frameworks/OpenGL.framework/Versions/A/Libraries/libCoreVMClient.dylib
0x00007ff819883000 	/System/Library/Frameworks/MetalPerformanceShaders.framework/Versions/A/Frameworks/MPSCore.framework/Versions/A/MPSCore
0x00007ff81ad02000 	/System/Library/Frameworks/MetalPerformanceShaders.framework/Versions/A/Frameworks/MPSImage.framework/Versions/A/MPSImage
0x00007ff81a7b9000 	/System/Library/Frameworks/MetalPerformanceShaders.framework/Versions/A/Frameworks/MPSNeuralNetwork.framework/Versions/A/MPSNeuralNetwork
0x00007ff81ac2e000 	/System/Library/Frameworks/MetalPerformanceShaders.framework/Versions/A/Frameworks/MPSMatrix.framework/Versions/A/MPSMatrix
0x00007ff81a9ea000 	/System/Library/Frameworks/MetalPerformanceShaders.framework/Versions/A/Frameworks/MPSRayIntersector.framework/Versions/A/MPSRayIntersector
0x00007ff81ac67000 	/System/Library/Frameworks/MetalPerformanceShaders.framework/Versions/A/Frameworks/MPSNDArray.framework/Versions/A/MPSNDArray
0x00007ffa2c8fc000 	/System/Library/Frameworks/MetalPerformanceShaders.framework/Versions/A/Frameworks/MPSFunctions.framework/Versions/A/MPSFunctions
0x00007ff810a72000 	/System/Library/PrivateFrameworks/MetalTools.framework/Versions/A/MetalTools
0x00007ff8198fd000 	/System/Library/PrivateFrameworks/AggregateDictionary.framework/Versions/A/AggregateDictionary
0x00007ff81baf4000 	/usr/lib/libIOReport.dylib
0x00007ffa29333000 	/System/Library/Frameworks/OpenCL.framework/Versions/A/OpenCL
0x00007ff81be58000 	/System/Library/PrivateFrameworks/FaceCore.framework/Versions/A/FaceCore
0x00007ff81be49000 	/System/Library/PrivateFrameworks/GraphVisualizer.framework/Versions/A/GraphVisualizer
0x00007ffb13cf6000 	/System/Library/PrivateFrameworks/FontServices.framework/Versions/A/FontServices
0x00007ff81c275000 	/System/Library/PrivateFrameworks/OTSVG.framework/Versions/A/OTSVG
0x00007ff8176e2000 	/System/Library/Frameworks/ApplicationServices.framework/Versions/A/Frameworks/ATS.framework/Versions/A/Resources/libFontRegistry.dylib
0x00007ff81c2c6000 	/System/Library/PrivateFrameworks/FontServices.framework/libhvf.dylib
0x00007ffb13cf7000 	/System/Library/PrivateFrameworks/FontServices.framework/libXTFontStaticRegistryData.dylib
0x00007ff81bcc2000 	/System/Library/PrivateFrameworks/AppleVA.framework/Versions/A/AppleVA
0x00007ff81dddc000 	/System/Library/Frameworks/ApplicationServices.framework/Versions/A/Frameworks/ATS.framework/Versions/A/ATS
0x00007ff815db5000 	/System/Library/Frameworks/ApplicationServices.framework/Versions/A/Frameworks/HIServices.framework/Versions/A/HIServices
0x00007ff81cdbe000 	/System/Library/Frameworks/ApplicationServices.framework/Versions/A/Frameworks/PrintCore.framework/Versions/A/PrintCore
0x00007ff81e15b000 	/System/Library/Frameworks/ApplicationServices.framework/Versions/A/Frameworks/QD.framework/Versions/A/QD
0x00007ff81e153000 	/System/Library/Frameworks/ApplicationServices.framework/Versions/A/Frameworks/ColorSyncLegacy.framework/Versions/A/ColorSyncLegacy
0x00007ff81ddcc000 	/System/Library/Frameworks/ApplicationServices.framework/Versions/A/Frameworks/SpeechSynthesis.framework/Versions/A/SpeechSynthesis
0x00007ff81cd7f000 	/System/Library/Frameworks/ApplicationServices.framework/Versions/A/Frameworks/ATSUI.framework/Versions/A/ATSUI
0x00007ff81e0e8000 	/usr/lib/libcups.2.dylib
0x00007ff81e4ab000 	/System/Library/Frameworks/Kerberos.framework/Versions/A/Kerberos
0x00007ff81e4ba000 	/System/Library/Frameworks/GSS.framework/Versions/A/GSS
0x00007ff81de48000 	/usr/lib/libresolv.9.dylib
0x00007ff81c2d5000 	/System/Library/PrivateFrameworks/Heimdal.framework/Versions/A/Heimdal
0x00007ff824f5e000 	/System/Library/Frameworks/Kerberos.framework/Versions/A/Libraries/libHeimdalProxy.dylib
0x00007ff816a84000 	/System/Library/Frameworks/Network.framework/Versions/A/Network
0x00007ff81bd2c000 	/usr/lib/libheimdal-asn1.dylib
0x00007ff81e505000 	/System/Library/PrivateFrameworks/CommonAuth.framework/Versions/A/CommonAuth
0x00007ff81dd4d000 	/System/Library/PrivateFrameworks/AudioSession.framework/Versions/A/AudioSession
0x00007ff81bdbc000 	/System/Library/PrivateFrameworks/MediaExperience.framework/Versions/A/MediaExperience
0x00007ff81dbe1000 	/System/Library/PrivateFrameworks/AudioSession.framework/libSessionUtility.dylib
0x00007ff81e167000 	/System/Library/PrivateFrameworks/AudioResourceArbitration.framework/Versions/A/AudioResourceArbitration
0x00007ff81bd35000 	/System/Library/PrivateFrameworks/IconFoundation.framework/Versions/A/IconFoundation
0x00007ff820f41000 	/System/Library/PrivateFrameworks/SpeechRecognitionCore.framework/Versions/A/SpeechRecognitionCore
0x0000000106d16000 	/Users/akashkuratkar/Library/Java/JavaVirtualMachines/openjdk-15.0.1/Contents/Home/lib/server/libjvm.dylib
0x0000000104e5a000 	/Users/akashkuratkar/Library/Java/JavaVirtualMachines/openjdk-15.0.1/Contents/Home/lib/libjimage.dylib
0x0000000104ed1000 	/Users/akashkuratkar/Library/Java/JavaVirtualMachines/openjdk-15.0.1/Contents/Home/lib/libjava.dylib
0x0000000105957000 	/Users/akashkuratkar/eclipse-workspace/Lab2/src/main/java/libnative.dylib


VM Arguments:
jvm_args: -Djava.library.path=/Users/akashkuratkar/eclipse-workspace/Lab2/src/main/java/ 
java_command: MatrixMultiplier
java_class_path (initial): .
Launcher Type: SUN_STANDARD

[Global flags]
     intx CICompilerCount                          = 4                                         {product} {ergonomic}
     uint ConcGCThreads                            = 2                                         {product} {ergonomic}
     uint G1ConcRefinementThreads                  = 8                                         {product} {ergonomic}
   size_t G1HeapRegionSize                         = 2097152                                   {product} {ergonomic}
    uintx GCDrainStackTargetSize                   = 64                                        {product} {ergonomic}
   size_t InitialHeapSize                          = 268435456                                 {product} {ergonomic}
   size_t MarkStackSize                            = 4194304                                   {product} {ergonomic}
   size_t MaxHeapSize                              = 4294967296                                {product} {ergonomic}
   size_t MaxNewSize                               = 2575302656                                {product} {ergonomic}
   size_t MinHeapDeltaBytes                        = 2097152                                   {product} {ergonomic}
   size_t MinHeapSize                              = 8388608                                   {product} {ergonomic}
    uintx NonNMethodCodeHeapSize                   = 5839372                                {pd product} {ergonomic}
    uintx NonProfiledCodeHeapSize                  = 122909434                              {pd product} {ergonomic}
    uintx ProfiledCodeHeapSize                     = 122909434                              {pd product} {ergonomic}
    uintx ReservedCodeCacheSize                    = 251658240                              {pd product} {ergonomic}
     bool SegmentedCodeCache                       = true                                      {product} {ergonomic}
   size_t SoftMaxHeapSize                          = 4294967296                             {manageable} {ergonomic}
     bool UseCompressedClassPointers               = true                                 {lp64_product} {ergonomic}
     bool UseCompressedOops                        = true                                 {lp64_product} {ergonomic}
     bool UseG1GC                                  = true                                      {product} {ergonomic}
     bool UseNUMA                                  = false                                     {product} {ergonomic}
     bool UseNUMAInterleaving                      = false                                     {product} {ergonomic}

Logging:
Log output configuration:
 #0: stdout all=warning uptime,level,tags
 #1: stderr all=off uptime,level,tags

Environment Variables:
JAVA_HOME=/Users/akashkuratkar/Library/Java/JavaVirtualMachines/openjdk-15.0.1/Contents/Home
PATH=/Users/akashkuratkar/Downloads/google-cloud-sdk/bin:/usr/local/opt/openssl@1.1/bin:/usr/local/opt/openssl@1.1/bin:/usr/local/opt/mongodb-community@4.0/bin:/Library/Frameworks/Python.framework/Versions/3.9/bin:/usr/local/bin:/usr/bin:/bin:/usr/sbin:/sbin:/usr/local/go/bin:/usr/local/share/dotnet:~/.dotnet/tools:/Library/Apple/usr/bin:/Library/Frameworks/Mono.framework/Versions/Current/Commands
SHELL=/bin/zsh
LANG=en_US.UTF-8

Signal Handlers:
SIGSEGV: [libjvm.dylib+0xa00020], sa_mask[0]=11111111011111110111111111111111, sa_flags=SA_ONSTACK|SA_RESTART|SA_SIGINFO
SIGBUS: [libjvm.dylib+0xa00020], sa_mask[0]=11111111011111110111111111111111, sa_flags=SA_RESTART|SA_SIGINFO
SIGFPE: [libjvm.dylib+0xa00020], sa_mask[0]=11111111011111110111111111111111, sa_flags=SA_RESTART|SA_SIGINFO
SIGPIPE: [libjvm.dylib+0x82b7f0], sa_mask[0]=11111111011111110111111111111111, sa_flags=SA_RESTART|SA_SIGINFO
SIGXFSZ: [libjvm.dylib+0x82b7f0], sa_mask[0]=11111111011111110111111111111111, sa_flags=SA_RESTART|SA_SIGINFO
SIGILL: [libjvm.dylib+0xa00020], sa_mask[0]=11111111011111110111111111111111, sa_flags=SA_RESTART|SA_SIGINFO
SIGUSR2: [libjvm.dylib+0x82c300], sa_mask[0]=00000000000000000000000000000000, sa_flags=SA_RESTART|SA_SIGINFO
SIGHUP: [libjvm.dylib+0x82aa00], sa_mask[0]=11111111011111110111111111111111, sa_flags=SA_RESTART|SA_SIGINFO
SIGINT: [libjvm.dylib+0x82aa00], sa_mask[0]=11111111011111110111111111111111, sa_flags=SA_RESTART|SA_SIGINFO
SIGTERM: [libjvm.dylib+0x82aa00], sa_mask[0]=11111111011111110111111111111111, sa_flags=SA_RESTART|SA_SIGINFO
SIGQUIT: [libjvm.dylib+0x82aa00], sa_mask[0]=11111111011111110111111111111111, sa_flags=SA_RESTART|SA_SIGINFO


---------------  S Y S T E M  ---------------

OS:uname: Darwin 21.1.0 Darwin Kernel Version 21.1.0: Wed Oct 13 17:33:23 PDT 2021; root:xnu-8019.41.5~1/RELEASE_X86_64 x86_64
OS uptime: 0 days 3:40 hours
rlimit (soft/hard): STACK 8192k/65532k , CORE 0k/infinity , NPROC 2784/4176 , NOFILE 10240/infinity , AS infinity/infinity , CPU infinity/infinity , DATA infinity/infinity , FSIZE infinity/infinity , MEMLOCK infinity/infinity , RSS infinity/infinity
load average: 5.30 4.38 4.31

CPU: total 8 (initial active 8) (4 cores per cpu, 2 threads per core) family 6 model 126 stepping 5 microcode 0xa6, cmov, cx8, fxsr, mmx, sse, sse2, sse3, ssse3, sse4.1, sse4.2, popcnt, vzeroupper, avx, avx2, aes, clmul, erms, 3dnowpref, lzcnt, ht, tsc, tscinvbit, bmi1, bmi2, adx, sha, fma, clflush, clflushopt

Memory: 4k page, physical 16777216k(63276k free), swap 1048576k(979456k free)

vm_info: OpenJDK 64-Bit Server VM (15.0.1+9-18) for bsd-amd64 JRE (15.0.1+9-18), built on Sep 15 2020 13:39:50 by "mach5one" with clang 4.2.1 Compatible Apple LLVM 10.0.0 (clang-1000.11.45.5)

END.
