#
# A fatal error has been detected by the Java Runtime Environment:
#
#  SIGSEGV (0xb) at pc=0x000000010fb9e4d4, pid=3573, tid=9219
#
# JRE version: OpenJDK Runtime Environment (15.0.1+9) (build 15.0.1+9-18)
# Java VM: OpenJDK 64-Bit Server VM (15.0.1+9-18, mixed mode, sharing, tiered, compressed oops, g1 gc, bsd-amd64)
# Problematic frame:
# V  [libjvm.dylib+0x34d4]  AccessInternal::PostRuntimeDispatch<G1BarrierSet::AccessBarrier<548980ull, G1BarrierSet>, (AccessInternal::BarrierType)2, 548980ull>::oop_access_barrier(void*)+0x4
#
# No core dump will be written. Core dumps have been disabled. To enable core dumping, try "ulimit -c unlimited" before starting Java again
#
# If you would like to submit a bug report, please visit:
#   https://bugreport.java.com/bugreport/crash.jsp
#

---------------  S U M M A R Y ------------

Command Line: -Djava.library.path=/Users/akashkuratkar/eclipse-workspace/Lab2/src/main/java/ MatrixMultiplier

Host: MacBookPro16,2 x86_64 2000 MHz, 8 cores, 16G, Darwin 21.1.0
Time: Sun Nov 14 23:55:04 2021 PST elapsed time: 10.170830 seconds (0d 0h 0m 10s)

---------------  T H R E A D  ---------------

Current thread (0x00007f7cc700e400):  JavaThread "main" [_thread_in_vm, id=9219, stack(0x0000700001bb8000,0x0000700001cb8000)]

Stack: [0x0000700001bb8000,0x0000700001cb8000],  sp=0x0000700001cb77e0,  free space=1021k
Native frames: (J=compiled Java code, A=aot compiled Java code, j=interpreted, Vv=VM code, C=native code)
V  [libjvm.dylib+0x34d4]  AccessInternal::PostRuntimeDispatch<G1BarrierSet::AccessBarrier<548980ull, G1BarrierSet>, (AccessInternal::BarrierType)2, 548980ull>::oop_access_barrier(void*)+0x4
V  [libjvm.dylib+0x51c148]  jni_GetIntArrayRegion+0xe8
C  [libnative.dylib+0x3e53]  Java_MatrixMultiplier_matmultithreaded+0xe3
j  MatrixMultiplier.matmultithreaded(I[[I[[I[[I)V+0
j  MatrixMultiplier.measurePureJavaWithMultithreading(I[[I[[I[[I)J+11
j  MatrixMultiplier.printTimeMeasurementsFor(I)V+119
j  MatrixMultiplier.main([Ljava/lang/String;)V+28
v  ~StubRoutines::call_stub
V  [libjvm.dylib+0x4ad942]  JavaCalls::call_helper(JavaValue*, methodHandle const&, JavaCallArguments*, Thread*)+0x2e2
V  [libjvm.dylib+0x50e509]  jni_invoke_static(JNIEnv_*, JavaValue*, _jobject*, JNICallType, _jmethodID*, JNI_ArgumentPusher*, Thread*)+0x1f9
V  [libjvm.dylib+0x511cae]  jni_CallStaticVoidMethod+0x19e
C  [libjli.dylib+0x4f3d]  JavaMain+0xc1d
C  [libjli.dylib+0x7659]  ThreadJavaMain+0x9
C  [libsystem_pthread.dylib+0x6514]  _pthread_start+0x7d
C  [libsystem_pthread.dylib+0x202f]  thread_start+0xf

Java frames: (J=compiled Java code, j=interpreted, Vv=VM code)
j  MatrixMultiplier.matmultithreaded(I[[I[[I[[I)V+0
j  MatrixMultiplier.measurePureJavaWithMultithreading(I[[I[[I[[I)J+11
j  MatrixMultiplier.printTimeMeasurementsFor(I)V+119
j  MatrixMultiplier.main([Ljava/lang/String;)V+28
v  ~StubRoutines::call_stub

siginfo: si_signo: 11 (SIGSEGV), si_code: 1 (SEGV_MAPERR), si_addr: 0x0000000000000000

Register to memory mapping:

RAX=0x22ffff5177140060 is an unknown value
RBX=0x000000000000000a is an unknown value
RCX=0x000000000000000a is an unknown value
RDX=0x0 is NULL
RSP=0x0000700001cb77e0 is pointing into the stack for thread: 0x00007f7cc700e400
RBP=0x0000700001cb77e0 is pointing into the stack for thread: 0x00007f7cc700e400
RSI=0x0 is NULL
RDI=0x0 is NULL
R8 =0x0000600001f49740 points into unknown readable memory: 0x0000000000000000 | 00 00 00 00 00 00 00 00
R9 =0x0000000000000002 is an unknown value
R10=0x00000000000007fb is an unknown value
R11=0x0000000000000040 is an unknown value
R12=0x00007f7cc700e728 points into unknown readable memory: 0x0000000110769e70 | 70 9e 76 10 01 00 00 00
R13=0x0 is NULL
R14=0x0 is NULL
R15=0x00007f7cc700e400 is a thread


Registers:
RAX=0x22ffff5177140060, RBX=0x000000000000000a, RCX=0x000000000000000a, RDX=0x0000000000000000
RSP=0x0000700001cb77e0, RBP=0x0000700001cb77e0, RSI=0x0000000000000000, RDI=0x0000000000000000
R8 =0x0000600001f49740, R9 =0x0000000000000002, R10=0x00000000000007fb, R11=0x0000000000000040
R12=0x00007f7cc700e728, R13=0x0000000000000000, R14=0x0000000000000000, R15=0x00007f7cc700e400
RIP=0x000000010fb9e4d4, EFLAGS=0x0000000000010246, ERR=0x0000000000000004
  TRAPNO=0x000000000000000e

Top of Stack: (sp=0x0000700001cb77e0)
0x0000700001cb77e0:   0000700001cb7850 00000001100b7148
0x0000700001cb77f0:   00007f7cc700e400 0000600002e4c100
0x0000700001cb7800:   00007f7c00000998 000000011063eac0
0x0000700001cb7810:   000000000000000a 0000600001f49740
0x0000700001cb7820:   0000000a00000000 00000001334b8780
0x0000700001cb7830:   0000000000000000 00000001334b8780
0x0000700001cb7840:   0000700001cb7980 00007f7cc700e400
0x0000700001cb7850:   0000700001cb78c0 000000010f752e53
0x0000700001cb7860:   0000700001cb78b0 00000001100442ff
0x0000700001cb7870:   0000000000000000 000060000324f2a0
0x0000700001cb7880:   00000002c700e400 00000001334b8780
0x0000700001cb7890:   0000700001cb7960 0000700001cb7968
0x0000700001cb78a0:   0000700001cb7970 0000000ac700e400
0x0000700001cb78b0:   0000700001cb7980 00007f7cc700e728
0x0000700001cb78c0:   0000700001cb7940 00000001200c63f0
0x0000700001cb78d0:   0000700001cb7980 00007f7cc700e400
0x0000700001cb78e0:   0000700001cb7940 00000001200c613e
0x0000700001cb78f0:   00000001200c60f6 0000700001cb78f8
0x0000700001cb7900:   00000001334b8780 0000700001cb7980
0x0000700001cb7910:   00000001334b9040 0000000000000000
0x0000700001cb7920:   000000070fe44358 00000001334b8780
0x0000700001cb7930:   0000000000000000 0000700001cb7960
0x0000700001cb7940:   0000700001cb79d0 00000001200c0eea
0x0000700001cb7950:   0000000000000000 00000001200c35d8
0x0000700001cb7960:   000000070fe46970 000000070fe46928
0x0000700001cb7970:   000000070fe468e0 000000000000000a
0x0000700001cb7980:   000000070fe468d0 0000700001cb7988
0x0000700001cb7990:   00000001334b8b5b 0000700001cb7a10
0x0000700001cb79a0:   00000001334b9040 0000000000000000
0x0000700001cb79b0:   000000070fe44358 00000001334b8b70
0x0000700001cb79c0:   0000700001cb7960 0000700001cb79f0
0x0000700001cb79d0:   0000700001cb7a70 00000001200c09d0 

Instructions: (pc=0x000000010fb9e4d4)
0x000000010fb9e3d4:   ff 0b 73 0e 48 63 c7 48 8d 0d ae 9c ae 00 8b 04
0x000000010fb9e3e4:   81 c3 55 48 89 e5 48 8d 3d 63 b2 a6 00 be 9c 00
0x000000010fb9e3f4:   00 00 e8 85 bf 2f 00 e8 90 59 82 00 31 c0 5d c3
0x000000010fb9e404:   66 66 66 2e 0f 1f 84 00 00 00 00 00 55 48 89 e5
0x000000010fb9e414:   48 8b 47 08 0f b7 48 32 0f b7 40 30 8d 44 01 19
0x000000010fb9e424:   5d c3 66 2e 0f 1f 84 00 00 00 00 00 55 48 89 e5
0x000000010fb9e434:   53 50 48 89 fb 48 8d 0d f8 ba c2 00 48 8d 05 d9
0x000000010fb9e444:   01 c0 00 48 8b 00 8b 40 10 ff c8 80 39 00 74 10
0x000000010fb9e454:   83 f8 04 73 1f 48 98 48 8d 0d 7e 44 b2 00 eb 0e
0x000000010fb9e464:   83 f8 04 73 0f 48 98 48 8d 0d 8e 44 b2 00 48 8b
0x000000010fb9e474:   04 c1 eb 21 48 8d 3d 0c b2 a6 00 48 8d 15 35 b2
0x000000010fb9e484:   a6 00 be e8 00 00 00 31 c0 e8 ee bc 2f 00 e8 f9
0x000000010fb9e494:   58 82 00 31 c0 48 89 05 90 81 bc 00 48 89 df 48
0x000000010fb9e4a4:   83 c4 08 5b 5d ff e0 0f 1f 44 00 00 55 48 89 e5
0x000000010fb9e4b4:   48 8b 07 5d c3 0f 1f 80 00 00 00 00 55 48 89 e5
0x000000010fb9e4c4:   48 8b 07 5d c3 0f 1f 80 00 00 00 00 55 48 89 e5
0x000000010fb9e4d4:   48 8b 07 5d c3 0f 1f 80 00 00 00 00 55 48 89 e5
0x000000010fb9e4e4:   41 57 41 56 53 50 49 89 fe 49 8b 1e 4c 8d 3d 41
0x000000010fb9e4f4:   d7 c5 00 49 85 1f 74 3c 48 89 df e8 dc 4f a3 00
0x000000010fb9e504:   48 89 c1 48 85 c9 74 29 48 89 d8 f0 49 0f b1 0e
0x000000010fb9e514:   48 89 c2 48 39 da 74 19 0f 1f 40 00 49 85 17 74
0x000000010fb9e524:   10 48 89 d0 f0 49 0f b1 0e 48 39 d0 48 89 c2 75
0x000000010fb9e534:   eb 48 89 cb 48 89 d8 48 83 c4 08 5b 41 5e 41 5f
0x000000010fb9e544:   5d c3 66 2e 0f 1f 84 00 00 00 00 00 55 48 89 e5
0x000000010fb9e554:   48 8b 07 5d c3 0f 1f 80 00 00 00 00 55 48 89 e5
0x000000010fb9e564:   48 8b 07 5d c3 0f 1f 80 00 00 00 00 55 48 89 e5
0x000000010fb9e574:   48 8b 07 5d c3 0f 1f 80 00 00 00 00 55 48 89 e5
0x000000010fb9e584:   41 57 41 56 53 50 49 89 fe 49 8b 1e 4c 8d 3d a1
0x000000010fb9e594:   d6 c5 00 49 85 1f 74 3c 48 89 df e8 3c 4f a3 00
0x000000010fb9e5a4:   48 89 c1 48 85 c9 74 29 48 89 d8 f0 49 0f b1 0e
0x000000010fb9e5b4:   48 89 c2 48 39 da 74 19 0f 1f 40 00 49 85 17 74
0x000000010fb9e5c4:   10 48 89 d0 f0 49 0f b1 0e 48 39 d0 48 89 c2 75 


Stack slot to memory mapping:
stack at sp + 0 slots: 0x0000700001cb7850 is pointing into the stack for thread: 0x00007f7cc700e400
stack at sp + 1 slots: 0x00000001100b7148: jni_GetIntArrayRegion+0xe8 in /Users/akashkuratkar/Library/Java/JavaVirtualMachines/openjdk-15.0.1/Contents/Home/lib/server/libjvm.dylib at 0x000000010fb9b000
stack at sp + 2 slots: 0x00007f7cc700e400 is a thread
stack at sp + 3 slots: 0x0000600002e4c100 points into unknown readable memory: 0x000000070fe47290 | 90 72 e4 0f 07 00 00 00
stack at sp + 4 slots: 0x00007f7c00000998 is an unknown value
stack at sp + 5 slots: 0x000000011063eac0: _ZL18hsdis_library_name+0x13818 in /Users/akashkuratkar/Library/Java/JavaVirtualMachines/openjdk-15.0.1/Contents/Home/lib/server/libjvm.dylib at 0x000000010fb9b000
stack at sp + 6 slots: 0x000000000000000a is an unknown value
stack at sp + 7 slots: 0x0000600001f49740 points into unknown readable memory: 0x0000000000000000 | 00 00 00 00 00 00 00 00


---------------  P R O C E S S  ---------------

Threads class SMR info:
_java_thread_list=0x0000600001157ae0, length=10, elements={
0x00007f7cc700e400, 0x00007f7cc9810c00, 0x00007f7cc9813400, 0x00007f7cc7030200,
0x00007f7cc7012600, 0x00007f7cc7030800, 0x00007f7cc702ca00, 0x00007f7cc702d000,
0x00007f7cc8122c00, 0x00007f7cc702d600
}

Java Threads: ( => current thread )
=>0x00007f7cc700e400 JavaThread "main" [_thread_in_vm, id=9219, stack(0x0000700001bb8000,0x0000700001cb8000)]
  0x00007f7cc9810c00 JavaThread "Reference Handler" daemon [_thread_blocked, id=15107, stack(0x00007000022cd000,0x00007000023cd000)]
  0x00007f7cc9813400 JavaThread "Finalizer" daemon [_thread_blocked, id=17411, stack(0x00007000023d0000,0x00007000024d0000)]
  0x00007f7cc7030200 JavaThread "Signal Dispatcher" daemon [_thread_blocked, id=22275, stack(0x00007000025d9000,0x00007000026d9000)]
  0x00007f7cc7012600 JavaThread "Service Thread" daemon [_thread_blocked, id=41219, stack(0x00007000026dc000,0x00007000027dc000)]
  0x00007f7cc7030800 JavaThread "C2 CompilerThread0" daemon [_thread_blocked, id=23043, stack(0x00007000027df000,0x00007000028df000)]
  0x00007f7cc702ca00 JavaThread "C1 CompilerThread0" daemon [_thread_blocked, id=24067, stack(0x00007000028e2000,0x00007000029e2000)]
  0x00007f7cc702d000 JavaThread "Sweeper thread" daemon [_thread_blocked, id=24835, stack(0x00007000029e5000,0x0000700002ae5000)]
  0x00007f7cc8122c00 JavaThread "Notification Thread" daemon [_thread_blocked, id=39939, stack(0x0000700002ae8000,0x0000700002be8000)]
  0x00007f7cc702d600 JavaThread "Common-Cleaner" daemon [_thread_blocked, id=39171, stack(0x0000700002cee000,0x0000700002dee000)]

Other Threads:
  0x00007f7cc7807740 VMThread "VM Thread" [stack: 0x00007000021ca000,0x00007000022ca000] [id=18435]
  0x00007f7cc670b080 WatcherThread [stack: 0x0000700002beb000,0x0000700002ceb000] [id=25347]
  0x00007f7cc7b06880 GCTaskThread "GC Thread#0" [stack: 0x0000700001cbb000,0x0000700001dbb000] [id=12547]
  0x00007f7cc7b07170 ConcurrentGCThread "G1 Main Marker" [stack: 0x0000700001dbe000,0x0000700001ebe000] [id=19715]
  0x00007f7cc7b07c40 ConcurrentGCThread "G1 Conc#0" [stack: 0x0000700001ec1000,0x0000700001fc1000] [id=13571]
  0x00007f7cc7b13770 ConcurrentGCThread "G1 Refine#0" [stack: 0x0000700001fc4000,0x00007000020c4000] [id=18947]
  0x00007f7cc67050c0 ConcurrentGCThread "G1 Young RemSet Sampling" [stack: 0x00007000020c7000,0x00007000021c7000] [id=14339]

Threads with active compile tasks:

VM state: not at safepoint (normal execution)

VM Mutex/Monitor currently owned by a thread: None

Heap address: 0x0000000700000000, size: 4096 MB, Compressed Oops mode: Zero based, Oop shift amount: 3
CDS archive(s) mapped at: [0x0000000800000000-0x0000000800b2b000-0x0000000800b2b000), size 11710464, SharedBaseAddress: 0x0000000800000000, ArchiveRelocationMode: 0.
Compressed class space mapped at: 0x0000000800b2c000-0x0000000840b2c000, size: 1073741824
Narrow klass base: 0x0000000800000000, Narrow klass shift: 3, Narrow klass range: 0x100000000

GC Precious Log:
 CPUs: 8 total, 8 available
 Memory: 16384M
 Large Page Support: Disabled
 NUMA Support: Disabled
 Compressed Oops: Enabled (Zero based)
 Heap Region Size: 2M
 Heap Min Capacity: 8M
 Heap Initial Capacity: 256M
 Heap Max Capacity: 4G
 Pre-touch: Disabled
 Parallel Workers: 8
 Concurrent Workers: 2
 Concurrent Refinement Workers: 8
 Periodic GC: Disabled

Heap:
 garbage-first heap   total 266240K, used 1832K [0x0000000700000000, 0x0000000800000000)
  region size 2048K, 1 young (2048K), 0 survivors (0K)
 Metaspace       used 157K, capacity 4490K, committed 4864K, reserved 1056768K
  class space    used 8K, capacity 386K, committed 512K, reserved 1048576K

Heap Regions: E=young(eden), S=young(survivor), O=old, HS=humongous(starts), HC=humongous(continues), CS=collection set, F=free, OA=open archive, CA=closed archive, TAMS=top-at-mark-start (previous, next)
|   0|0x0000000700000000, 0x0000000700000000, 0x0000000700200000|  0%| F|  |TAMS 0x0000000700000000, 0x0000000700000000| Untracked 
|   1|0x0000000700200000, 0x0000000700200000, 0x0000000700400000|  0%| F|  |TAMS 0x0000000700200000, 0x0000000700200000| Untracked 
|   2|0x0000000700400000, 0x0000000700400000, 0x0000000700600000|  0%| F|  |TAMS 0x0000000700400000, 0x0000000700400000| Untracked 
|   3|0x0000000700600000, 0x0000000700600000, 0x0000000700800000|  0%| F|  |TAMS 0x0000000700600000, 0x0000000700600000| Untracked 
|   4|0x0000000700800000, 0x0000000700800000, 0x0000000700a00000|  0%| F|  |TAMS 0x0000000700800000, 0x0000000700800000| Untracked 
|   5|0x0000000700a00000, 0x0000000700a00000, 0x0000000700c00000|  0%| F|  |TAMS 0x0000000700a00000, 0x0000000700a00000| Untracked 
|   6|0x0000000700c00000, 0x0000000700c00000, 0x0000000700e00000|  0%| F|  |TAMS 0x0000000700c00000, 0x0000000700c00000| Untracked 
|   7|0x0000000700e00000, 0x0000000700e00000, 0x0000000701000000|  0%| F|  |TAMS 0x0000000700e00000, 0x0000000700e00000| Untracked 
|   8|0x0000000701000000, 0x0000000701000000, 0x0000000701200000|  0%| F|  |TAMS 0x0000000701000000, 0x0000000701000000| Untracked 
|   9|0x0000000701200000, 0x0000000701200000, 0x0000000701400000|  0%| F|  |TAMS 0x0000000701200000, 0x0000000701200000| Untracked 
|  10|0x0000000701400000, 0x0000000701400000, 0x0000000701600000|  0%| F|  |TAMS 0x0000000701400000, 0x0000000701400000| Untracked 
|  11|0x0000000701600000, 0x0000000701600000, 0x0000000701800000|  0%| F|  |TAMS 0x0000000701600000, 0x0000000701600000| Untracked 
|  12|0x0000000701800000, 0x0000000701800000, 0x0000000701a00000|  0%| F|  |TAMS 0x0000000701800000, 0x0000000701800000| Untracked 
|  13|0x0000000701a00000, 0x0000000701a00000, 0x0000000701c00000|  0%| F|  |TAMS 0x0000000701a00000, 0x0000000701a00000| Untracked 
|  14|0x0000000701c00000, 0x0000000701c00000, 0x0000000701e00000|  0%| F|  |TAMS 0x0000000701c00000, 0x0000000701c00000| Untracked 
|  15|0x0000000701e00000, 0x0000000701e00000, 0x0000000702000000|  0%| F|  |TAMS 0x0000000701e00000, 0x0000000701e00000| Untracked 
|  16|0x0000000702000000, 0x0000000702000000, 0x0000000702200000|  0%| F|  |TAMS 0x0000000702000000, 0x0000000702000000| Untracked 
|  17|0x0000000702200000, 0x0000000702200000, 0x0000000702400000|  0%| F|  |TAMS 0x0000000702200000, 0x0000000702200000| Untracked 
|  18|0x0000000702400000, 0x0000000702400000, 0x0000000702600000|  0%| F|  |TAMS 0x0000000702400000, 0x0000000702400000| Untracked 
|  19|0x0000000702600000, 0x0000000702600000, 0x0000000702800000|  0%| F|  |TAMS 0x0000000702600000, 0x0000000702600000| Untracked 
|  20|0x0000000702800000, 0x0000000702800000, 0x0000000702a00000|  0%| F|  |TAMS 0x0000000702800000, 0x0000000702800000| Untracked 
|  21|0x0000000702a00000, 0x0000000702a00000, 0x0000000702c00000|  0%| F|  |TAMS 0x0000000702a00000, 0x0000000702a00000| Untracked 
|  22|0x0000000702c00000, 0x0000000702c00000, 0x0000000702e00000|  0%| F|  |TAMS 0x0000000702c00000, 0x0000000702c00000| Untracked 
|  23|0x0000000702e00000, 0x0000000702e00000, 0x0000000703000000|  0%| F|  |TAMS 0x0000000702e00000, 0x0000000702e00000| Untracked 
|  24|0x0000000703000000, 0x0000000703000000, 0x0000000703200000|  0%| F|  |TAMS 0x0000000703000000, 0x0000000703000000| Untracked 
|  25|0x0000000703200000, 0x0000000703200000, 0x0000000703400000|  0%| F|  |TAMS 0x0000000703200000, 0x0000000703200000| Untracked 
|  26|0x0000000703400000, 0x0000000703400000, 0x0000000703600000|  0%| F|  |TAMS 0x0000000703400000, 0x0000000703400000| Untracked 
|  27|0x0000000703600000, 0x0000000703600000, 0x0000000703800000|  0%| F|  |TAMS 0x0000000703600000, 0x0000000703600000| Untracked 
|  28|0x0000000703800000, 0x0000000703800000, 0x0000000703a00000|  0%| F|  |TAMS 0x0000000703800000, 0x0000000703800000| Untracked 
|  29|0x0000000703a00000, 0x0000000703a00000, 0x0000000703c00000|  0%| F|  |TAMS 0x0000000703a00000, 0x0000000703a00000| Untracked 
|  30|0x0000000703c00000, 0x0000000703c00000, 0x0000000703e00000|  0%| F|  |TAMS 0x0000000703c00000, 0x0000000703c00000| Untracked 
|  31|0x0000000703e00000, 0x0000000703e00000, 0x0000000704000000|  0%| F|  |TAMS 0x0000000703e00000, 0x0000000703e00000| Untracked 
|  32|0x0000000704000000, 0x0000000704000000, 0x0000000704200000|  0%| F|  |TAMS 0x0000000704000000, 0x0000000704000000| Untracked 
|  33|0x0000000704200000, 0x0000000704200000, 0x0000000704400000|  0%| F|  |TAMS 0x0000000704200000, 0x0000000704200000| Untracked 
|  34|0x0000000704400000, 0x0000000704400000, 0x0000000704600000|  0%| F|  |TAMS 0x0000000704400000, 0x0000000704400000| Untracked 
|  35|0x0000000704600000, 0x0000000704600000, 0x0000000704800000|  0%| F|  |TAMS 0x0000000704600000, 0x0000000704600000| Untracked 
|  36|0x0000000704800000, 0x0000000704800000, 0x0000000704a00000|  0%| F|  |TAMS 0x0000000704800000, 0x0000000704800000| Untracked 
|  37|0x0000000704a00000, 0x0000000704a00000, 0x0000000704c00000|  0%| F|  |TAMS 0x0000000704a00000, 0x0000000704a00000| Untracked 
|  38|0x0000000704c00000, 0x0000000704c00000, 0x0000000704e00000|  0%| F|  |TAMS 0x0000000704c00000, 0x0000000704c00000| Untracked 
|  39|0x0000000704e00000, 0x0000000704e00000, 0x0000000705000000|  0%| F|  |TAMS 0x0000000704e00000, 0x0000000704e00000| Untracked 
|  40|0x0000000705000000, 0x0000000705000000, 0x0000000705200000|  0%| F|  |TAMS 0x0000000705000000, 0x0000000705000000| Untracked 
|  41|0x0000000705200000, 0x0000000705200000, 0x0000000705400000|  0%| F|  |TAMS 0x0000000705200000, 0x0000000705200000| Untracked 
|  42|0x0000000705400000, 0x0000000705400000, 0x0000000705600000|  0%| F|  |TAMS 0x0000000705400000, 0x0000000705400000| Untracked 
|  43|0x0000000705600000, 0x0000000705600000, 0x0000000705800000|  0%| F|  |TAMS 0x0000000705600000, 0x0000000705600000| Untracked 
|  44|0x0000000705800000, 0x0000000705800000, 0x0000000705a00000|  0%| F|  |TAMS 0x0000000705800000, 0x0000000705800000| Untracked 
|  45|0x0000000705a00000, 0x0000000705a00000, 0x0000000705c00000|  0%| F|  |TAMS 0x0000000705a00000, 0x0000000705a00000| Untracked 
|  46|0x0000000705c00000, 0x0000000705c00000, 0x0000000705e00000|  0%| F|  |TAMS 0x0000000705c00000, 0x0000000705c00000| Untracked 
|  47|0x0000000705e00000, 0x0000000705e00000, 0x0000000706000000|  0%| F|  |TAMS 0x0000000705e00000, 0x0000000705e00000| Untracked 
|  48|0x0000000706000000, 0x0000000706000000, 0x0000000706200000|  0%| F|  |TAMS 0x0000000706000000, 0x0000000706000000| Untracked 
|  49|0x0000000706200000, 0x0000000706200000, 0x0000000706400000|  0%| F|  |TAMS 0x0000000706200000, 0x0000000706200000| Untracked 
|  50|0x0000000706400000, 0x0000000706400000, 0x0000000706600000|  0%| F|  |TAMS 0x0000000706400000, 0x0000000706400000| Untracked 
|  51|0x0000000706600000, 0x0000000706600000, 0x0000000706800000|  0%| F|  |TAMS 0x0000000706600000, 0x0000000706600000| Untracked 
|  52|0x0000000706800000, 0x0000000706800000, 0x0000000706a00000|  0%| F|  |TAMS 0x0000000706800000, 0x0000000706800000| Untracked 
|  53|0x0000000706a00000, 0x0000000706a00000, 0x0000000706c00000|  0%| F|  |TAMS 0x0000000706a00000, 0x0000000706a00000| Untracked 
|  54|0x0000000706c00000, 0x0000000706c00000, 0x0000000706e00000|  0%| F|  |TAMS 0x0000000706c00000, 0x0000000706c00000| Untracked 
|  55|0x0000000706e00000, 0x0000000706e00000, 0x0000000707000000|  0%| F|  |TAMS 0x0000000706e00000, 0x0000000706e00000| Untracked 
|  56|0x0000000707000000, 0x0000000707000000, 0x0000000707200000|  0%| F|  |TAMS 0x0000000707000000, 0x0000000707000000| Untracked 
|  57|0x0000000707200000, 0x0000000707200000, 0x0000000707400000|  0%| F|  |TAMS 0x0000000707200000, 0x0000000707200000| Untracked 
|  58|0x0000000707400000, 0x0000000707400000, 0x0000000707600000|  0%| F|  |TAMS 0x0000000707400000, 0x0000000707400000| Untracked 
|  59|0x0000000707600000, 0x0000000707600000, 0x0000000707800000|  0%| F|  |TAMS 0x0000000707600000, 0x0000000707600000| Untracked 
|  60|0x0000000707800000, 0x0000000707800000, 0x0000000707a00000|  0%| F|  |TAMS 0x0000000707800000, 0x0000000707800000| Untracked 
|  61|0x0000000707a00000, 0x0000000707a00000, 0x0000000707c00000|  0%| F|  |TAMS 0x0000000707a00000, 0x0000000707a00000| Untracked 
|  62|0x0000000707c00000, 0x0000000707c00000, 0x0000000707e00000|  0%| F|  |TAMS 0x0000000707c00000, 0x0000000707c00000| Untracked 
|  63|0x0000000707e00000, 0x0000000707e00000, 0x0000000708000000|  0%| F|  |TAMS 0x0000000707e00000, 0x0000000707e00000| Untracked 
|  64|0x0000000708000000, 0x0000000708000000, 0x0000000708200000|  0%| F|  |TAMS 0x0000000708000000, 0x0000000708000000| Untracked 
|  65|0x0000000708200000, 0x0000000708200000, 0x0000000708400000|  0%| F|  |TAMS 0x0000000708200000, 0x0000000708200000| Untracked 
|  66|0x0000000708400000, 0x0000000708400000, 0x0000000708600000|  0%| F|  |TAMS 0x0000000708400000, 0x0000000708400000| Untracked 
|  67|0x0000000708600000, 0x0000000708600000, 0x0000000708800000|  0%| F|  |TAMS 0x0000000708600000, 0x0000000708600000| Untracked 
|  68|0x0000000708800000, 0x0000000708800000, 0x0000000708a00000|  0%| F|  |TAMS 0x0000000708800000, 0x0000000708800000| Untracked 
|  69|0x0000000708a00000, 0x0000000708a00000, 0x0000000708c00000|  0%| F|  |TAMS 0x0000000708a00000, 0x0000000708a00000| Untracked 
|  70|0x0000000708c00000, 0x0000000708c00000, 0x0000000708e00000|  0%| F|  |TAMS 0x0000000708c00000, 0x0000000708c00000| Untracked 
|  71|0x0000000708e00000, 0x0000000708e00000, 0x0000000709000000|  0%| F|  |TAMS 0x0000000708e00000, 0x0000000708e00000| Untracked 
|  72|0x0000000709000000, 0x0000000709000000, 0x0000000709200000|  0%| F|  |TAMS 0x0000000709000000, 0x0000000709000000| Untracked 
|  73|0x0000000709200000, 0x0000000709200000, 0x0000000709400000|  0%| F|  |TAMS 0x0000000709200000, 0x0000000709200000| Untracked 
|  74|0x0000000709400000, 0x0000000709400000, 0x0000000709600000|  0%| F|  |TAMS 0x0000000709400000, 0x0000000709400000| Untracked 
|  75|0x0000000709600000, 0x0000000709600000, 0x0000000709800000|  0%| F|  |TAMS 0x0000000709600000, 0x0000000709600000| Untracked 
|  76|0x0000000709800000, 0x0000000709800000, 0x0000000709a00000|  0%| F|  |TAMS 0x0000000709800000, 0x0000000709800000| Untracked 
|  77|0x0000000709a00000, 0x0000000709a00000, 0x0000000709c00000|  0%| F|  |TAMS 0x0000000709a00000, 0x0000000709a00000| Untracked 
|  78|0x0000000709c00000, 0x0000000709c00000, 0x0000000709e00000|  0%| F|  |TAMS 0x0000000709c00000, 0x0000000709c00000| Untracked 
|  79|0x0000000709e00000, 0x0000000709e00000, 0x000000070a000000|  0%| F|  |TAMS 0x0000000709e00000, 0x0000000709e00000| Untracked 
|  80|0x000000070a000000, 0x000000070a000000, 0x000000070a200000|  0%| F|  |TAMS 0x000000070a000000, 0x000000070a000000| Untracked 
|  81|0x000000070a200000, 0x000000070a200000, 0x000000070a400000|  0%| F|  |TAMS 0x000000070a200000, 0x000000070a200000| Untracked 
|  82|0x000000070a400000, 0x000000070a400000, 0x000000070a600000|  0%| F|  |TAMS 0x000000070a400000, 0x000000070a400000| Untracked 
|  83|0x000000070a600000, 0x000000070a600000, 0x000000070a800000|  0%| F|  |TAMS 0x000000070a600000, 0x000000070a600000| Untracked 
|  84|0x000000070a800000, 0x000000070a800000, 0x000000070aa00000|  0%| F|  |TAMS 0x000000070a800000, 0x000000070a800000| Untracked 
|  85|0x000000070aa00000, 0x000000070aa00000, 0x000000070ac00000|  0%| F|  |TAMS 0x000000070aa00000, 0x000000070aa00000| Untracked 
|  86|0x000000070ac00000, 0x000000070ac00000, 0x000000070ae00000|  0%| F|  |TAMS 0x000000070ac00000, 0x000000070ac00000| Untracked 
|  87|0x000000070ae00000, 0x000000070ae00000, 0x000000070b000000|  0%| F|  |TAMS 0x000000070ae00000, 0x000000070ae00000| Untracked 
|  88|0x000000070b000000, 0x000000070b000000, 0x000000070b200000|  0%| F|  |TAMS 0x000000070b000000, 0x000000070b000000| Untracked 
|  89|0x000000070b200000, 0x000000070b200000, 0x000000070b400000|  0%| F|  |TAMS 0x000000070b200000, 0x000000070b200000| Untracked 
|  90|0x000000070b400000, 0x000000070b400000, 0x000000070b600000|  0%| F|  |TAMS 0x000000070b400000, 0x000000070b400000| Untracked 
|  91|0x000000070b600000, 0x000000070b600000, 0x000000070b800000|  0%| F|  |TAMS 0x000000070b600000, 0x000000070b600000| Untracked 
|  92|0x000000070b800000, 0x000000070b800000, 0x000000070ba00000|  0%| F|  |TAMS 0x000000070b800000, 0x000000070b800000| Untracked 
|  93|0x000000070ba00000, 0x000000070ba00000, 0x000000070bc00000|  0%| F|  |TAMS 0x000000070ba00000, 0x000000070ba00000| Untracked 
|  94|0x000000070bc00000, 0x000000070bc00000, 0x000000070be00000|  0%| F|  |TAMS 0x000000070bc00000, 0x000000070bc00000| Untracked 
|  95|0x000000070be00000, 0x000000070be00000, 0x000000070c000000|  0%| F|  |TAMS 0x000000070be00000, 0x000000070be00000| Untracked 
|  96|0x000000070c000000, 0x000000070c000000, 0x000000070c200000|  0%| F|  |TAMS 0x000000070c000000, 0x000000070c000000| Untracked 
|  97|0x000000070c200000, 0x000000070c200000, 0x000000070c400000|  0%| F|  |TAMS 0x000000070c200000, 0x000000070c200000| Untracked 
|  98|0x000000070c400000, 0x000000070c400000, 0x000000070c600000|  0%| F|  |TAMS 0x000000070c400000, 0x000000070c400000| Untracked 
|  99|0x000000070c600000, 0x000000070c600000, 0x000000070c800000|  0%| F|  |TAMS 0x000000070c600000, 0x000000070c600000| Untracked 
| 100|0x000000070c800000, 0x000000070c800000, 0x000000070ca00000|  0%| F|  |TAMS 0x000000070c800000, 0x000000070c800000| Untracked 
| 101|0x000000070ca00000, 0x000000070ca00000, 0x000000070cc00000|  0%| F|  |TAMS 0x000000070ca00000, 0x000000070ca00000| Untracked 
| 102|0x000000070cc00000, 0x000000070cc00000, 0x000000070ce00000|  0%| F|  |TAMS 0x000000070cc00000, 0x000000070cc00000| Untracked 
| 103|0x000000070ce00000, 0x000000070ce00000, 0x000000070d000000|  0%| F|  |TAMS 0x000000070ce00000, 0x000000070ce00000| Untracked 
| 104|0x000000070d000000, 0x000000070d000000, 0x000000070d200000|  0%| F|  |TAMS 0x000000070d000000, 0x000000070d000000| Untracked 
| 105|0x000000070d200000, 0x000000070d200000, 0x000000070d400000|  0%| F|  |TAMS 0x000000070d200000, 0x000000070d200000| Untracked 
| 106|0x000000070d400000, 0x000000070d400000, 0x000000070d600000|  0%| F|  |TAMS 0x000000070d400000, 0x000000070d400000| Untracked 
| 107|0x000000070d600000, 0x000000070d600000, 0x000000070d800000|  0%| F|  |TAMS 0x000000070d600000, 0x000000070d600000| Untracked 
| 108|0x000000070d800000, 0x000000070d800000, 0x000000070da00000|  0%| F|  |TAMS 0x000000070d800000, 0x000000070d800000| Untracked 
| 109|0x000000070da00000, 0x000000070da00000, 0x000000070dc00000|  0%| F|  |TAMS 0x000000070da00000, 0x000000070da00000| Untracked 
| 110|0x000000070dc00000, 0x000000070dc00000, 0x000000070de00000|  0%| F|  |TAMS 0x000000070dc00000, 0x000000070dc00000| Untracked 
| 111|0x000000070de00000, 0x000000070de00000, 0x000000070e000000|  0%| F|  |TAMS 0x000000070de00000, 0x000000070de00000| Untracked 
| 112|0x000000070e000000, 0x000000070e000000, 0x000000070e200000|  0%| F|  |TAMS 0x000000070e000000, 0x000000070e000000| Untracked 
| 113|0x000000070e200000, 0x000000070e200000, 0x000000070e400000|  0%| F|  |TAMS 0x000000070e200000, 0x000000070e200000| Untracked 
| 114|0x000000070e400000, 0x000000070e400000, 0x000000070e600000|  0%| F|  |TAMS 0x000000070e400000, 0x000000070e400000| Untracked 
| 115|0x000000070e600000, 0x000000070e600000, 0x000000070e800000|  0%| F|  |TAMS 0x000000070e600000, 0x000000070e600000| Untracked 
| 116|0x000000070e800000, 0x000000070e800000, 0x000000070ea00000|  0%| F|  |TAMS 0x000000070e800000, 0x000000070e800000| Untracked 
| 117|0x000000070ea00000, 0x000000070ea00000, 0x000000070ec00000|  0%| F|  |TAMS 0x000000070ea00000, 0x000000070ea00000| Untracked 
| 118|0x000000070ec00000, 0x000000070ec00000, 0x000000070ee00000|  0%| F|  |TAMS 0x000000070ec00000, 0x000000070ec00000| Untracked 
| 119|0x000000070ee00000, 0x000000070ee00000, 0x000000070f000000|  0%| F|  |TAMS 0x000000070ee00000, 0x000000070ee00000| Untracked 
| 120|0x000000070f000000, 0x000000070f000000, 0x000000070f200000|  0%| F|  |TAMS 0x000000070f000000, 0x000000070f000000| Untracked 
| 121|0x000000070f200000, 0x000000070f200000, 0x000000070f400000|  0%| F|  |TAMS 0x000000070f200000, 0x000000070f200000| Untracked 
| 122|0x000000070f400000, 0x000000070f400000, 0x000000070f600000|  0%| F|  |TAMS 0x000000070f400000, 0x000000070f400000| Untracked 
| 123|0x000000070f600000, 0x000000070f600000, 0x000000070f800000|  0%| F|  |TAMS 0x000000070f600000, 0x000000070f600000| Untracked 
| 124|0x000000070f800000, 0x000000070f800000, 0x000000070fa00000|  0%| F|  |TAMS 0x000000070f800000, 0x000000070f800000| Untracked 
| 125|0x000000070fa00000, 0x000000070fa00000, 0x000000070fc00000|  0%| F|  |TAMS 0x000000070fa00000, 0x000000070fa00000| Untracked 
| 126|0x000000070fc00000, 0x000000070fc00000, 0x000000070fe00000|  0%| F|  |TAMS 0x000000070fc00000, 0x000000070fc00000| Untracked 
| 127|0x000000070fe00000, 0x000000070fee14f0, 0x0000000710000000| 44%| E|  |TAMS 0x000000070fe00000, 0x000000070fe00000| Complete 
|1534|0x00000007bfc00000, 0x00000007bfd51000, 0x00000007bfe00000| 65%|OA|  |TAMS 0x00000007bfc00000, 0x00000007bfc00000| Untracked 
|1535|0x00000007bfe00000, 0x00000007bfe79000, 0x00000007c0000000| 23%|CA|  |TAMS 0x00000007bfe00000, 0x00000007bfe00000| Untracked 

Card table byte_map: [0x0000000110b6d000,0x000000011136d000] _byte_map_base: 0x000000010d36d000

Marking Bits (Prev, Next): (CMBitMap*) 0x00007f7cc8022410, (CMBitMap*) 0x00007f7cc8022450
 Prev Bits: [0x0000000111b6d000, 0x0000000115b6d000)
 Next Bits: [0x000000012f0b7000, 0x00000001330b7000)

Polling page: 0x000000010ec1e000

Metaspace:

Usage:
  Non-class:      4.01 MB capacity,   148.21 KB (  4%) used,     3.86 MB ( 96%) free+waste,   192 bytes ( <1%) overhead. 
      Class:    386.00 KB capacity,     8.95 KB (  2%) used,   376.92 KB ( 98%) free+waste,   128 bytes ( <1%) overhead. 
       Both:      4.38 MB capacity,   157.16 KB (  4%) used,     4.23 MB ( 96%) free+waste,   320 bytes ( <1%) overhead. 

Virtual space:
  Non-class space:        8.00 MB reserved,       4.25 MB ( 53%) committed 
      Class space:        1.00 GB reserved,     512.00 KB ( <1%) committed 
             Both:        1.01 GB reserved,       4.75 MB ( <1%) committed 

Chunk freelists:
   Non-Class:  0 bytes
       Class:  0 bytes
        Both:  0 bytes

MaxMetaspaceSize: 17179869184.00 GB
CompressedClassSpaceSize: 1.00 GB

CodeHeap 'non-profiled nmethods': size=120028Kb used=13Kb max_used=13Kb free=120014Kb
 bounds [0x0000000127b80000, 0x0000000127df0000, 0x000000012f0b7000]
CodeHeap 'profiled nmethods': size=120028Kb used=40Kb max_used=40Kb free=119987Kb
 bounds [0x0000000120649000, 0x00000001208b9000, 0x0000000127b80000]
CodeHeap 'non-nmethods': size=5704Kb used=1043Kb max_used=1056Kb free=4660Kb
 bounds [0x00000001200b7000, 0x0000000120327000, 0x0000000120649000]
 total_blobs=304 nmethods=37 adapters=181
 compilation: enabled
              stopped_count=0, restarted_count=0
 full_count=0

Compilation events (20 events):
Event: 0.145 Thread 0x00007f7cc702ca00   14       3       java.util.concurrent.ConcurrentHashMap::casTabAt (21 bytes)
Event: 0.145 Thread 0x00007f7cc702ca00 nmethod 14 0x0000000120651b10 code [0x0000000120651ca0, 0x0000000120651e10]
Event: 0.145 Thread 0x00007f7cc702ca00   33       3       java.util.HashMap::putIfAbsent (13 bytes)
Event: 0.145 Thread 0x00007f7cc702ca00 nmethod 33 0x0000000120651e90 code [0x0000000120652040, 0x0000000120652330]
Event: 0.145 Thread 0x00007f7cc702ca00   30       1       java.lang.module.ModuleDescriptor::isOpen (5 bytes)
Event: 0.145 Thread 0x00007f7cc702ca00 nmethod 30 0x0000000127b82690 code [0x0000000127b82820, 0x0000000127b828d0]
Event: 0.145 Thread 0x00007f7cc702ca00   32       1       java.lang.Module::getDescriptor (5 bytes)
Event: 0.145 Thread 0x00007f7cc702ca00 nmethod 32 0x0000000127b82990 code [0x0000000127b82b20, 0x0000000127b82bd0]
Event: 0.146 Thread 0x00007f7cc702ca00   22       1       java.lang.module.ModuleDescriptor::isAutomatic (5 bytes)
Event: 0.146 Thread 0x00007f7cc702ca00 nmethod 22 0x0000000127b82c90 code [0x0000000127b82e20, 0x0000000127b82ed0]
Event: 0.146 Thread 0x00007f7cc702ca00   27       1       java.lang.module.ModuleDescriptor$Exports::targets (5 bytes)
Event: 0.146 Thread 0x00007f7cc702ca00 nmethod 27 0x0000000127b82f90 code [0x0000000127b83120, 0x0000000127b831d0]
Event: 0.146 Thread 0x00007f7cc7030800   16       4       java.lang.Object::<init> (1 bytes)
Event: 0.149 Thread 0x00007f7cc7030800 nmethod 16 0x0000000127b83290 code [0x0000000127b83400, 0x0000000127b83458]
Event: 0.149 Thread 0x00007f7cc702ca00   35       3       java.lang.String::equals (50 bytes)
Event: 0.149 Thread 0x00007f7cc702ca00 nmethod 35 0x0000000120652490 code [0x0000000120652640, 0x0000000120652a60]
Event: 0.152 Thread 0x00007f7cc702ca00   36       3       java.lang.String::coder (15 bytes)
Event: 0.152 Thread 0x00007f7cc702ca00 nmethod 36 0x0000000120652b90 code [0x0000000120652d20, 0x0000000120652e50]
Event: 0.161 Thread 0x00007f7cc702ca00   37       3       java.lang.String::length (11 bytes)
Event: 0.162 Thread 0x00007f7cc702ca00 nmethod 37 0x0000000120652f10 code [0x00000001206530a0, 0x0000000120653230]

GC Heap History (0 events):
No events

Deoptimization events (0 events):
No events

Classes unloaded (0 events):
No events

Classes redefined (0 events):
No events

Internal exceptions (3 events):
Event: 10.169 Thread 0x00007f7cc700e400 Exception <a 'java/lang/ArrayIndexOutOfBoundsException'{0x000000070fe46c48}: Array region 0..10 out of bounds for length 2> (0x000000070fe46c48) 
thrown [./open/src/hotspot/share/prims/jni.cpp, line 2675]
Event: 10.169 Thread 0x00007f7cc700e400 Exception <a 'java/lang/ArrayIndexOutOfBoundsException'{0x000000070fe46f70}: Array region 0..10 out of bounds for length 2> (0x000000070fe46f70) 
thrown [./open/src/hotspot/share/prims/jni.cpp, line 2675]
Event: 10.169 Thread 0x00007f7cc700e400 Exception <a 'java/lang/ArrayIndexOutOfBoundsException'{0x000000070fe47290}: Index 2 out of bounds for length 2> (0x000000070fe47290) 
thrown [./open/src/hotspot/share/prims/jni.cpp, line 2456]

Events (20 events):
Event: 0.128 Protecting memory [0x00007000029e5000,0x00007000029e9000] with protection modes 0
Event: 0.146 Thread 0x00007f7cc8122c00 Thread added: 0x00007f7cc8122c00
Event: 0.146 Protecting memory [0x0000700002ae8000,0x0000700002aec000] with protection modes 0
Event: 0.146 loading class jdk/internal/vm/PostVMInitHook
Event: 0.147 loading class jdk/internal/vm/PostVMInitHook done
Event: 0.149 loading class jdk/internal/loader/URLClassPath$FileLoader
Event: 0.151 loading class jdk/internal/loader/URLClassPath$FileLoader done
Event: 0.152 loading class jdk/internal/loader/URLClassPath$FileLoader$1
Event: 0.152 loading class jdk/internal/loader/URLClassPath$FileLoader$1 done
Event: 0.155 Thread 0x00007f7cc702d600 Thread added: 0x00007f7cc702d600
Event: 0.155 Protecting memory [0x0000700002cee000,0x0000700002cf2000] with protection modes 0
Event: 0.158 loading class java/lang/InterruptedException
Event: 0.160 loading class java/lang/InterruptedException done
Event: 0.162 Loaded shared library /Users/akashkuratkar/eclipse-workspace/Lab2/src/main/java/libnative.dylib
Event: 1.091 Executing VM operation: HandshakeAllThreads
Event: 1.091 Executing VM operation: HandshakeAllThreads done
Event: 10.167 loading class java/lang/ArrayIndexOutOfBoundsException
Event: 10.168 loading class java/lang/IndexOutOfBoundsException
Event: 10.169 loading class java/lang/IndexOutOfBoundsException done
Event: 10.169 loading class java/lang/ArrayIndexOutOfBoundsException done


Dynamic libraries:
0x000000010ec21000 	/Users/akashkuratkar/Library/Java/JavaVirtualMachines/openjdk-15.0.1/Contents/Home/lib/libjli.dylib
0x00007ff813a52000 	/usr/lib/libz.1.dylib
0x00007ff813b32000 	/usr/lib/libSystem.B.dylib
0x00007ff813b2d000 	/usr/lib/system/libcache.dylib
0x00007ff813ae9000 	/usr/lib/system/libcommonCrypto.dylib
0x00007ff813b12000 	/usr/lib/system/libcompiler_rt.dylib
0x00007ff813b08000 	/usr/lib/system/libcopyfile.dylib
0x00007ff808aa6000 	/usr/lib/system/libcorecrypto.dylib
0x00007ff808b65000 	/usr/lib/system/libdispatch.dylib
0x00007ff808d24000 	/usr/lib/system/libdyld.dylib
0x00007ff813b24000 	/usr/lib/system/libkeymgr.dylib
0x00007ff813ac7000 	/usr/lib/system/libmacho.dylib
0x00007ff81315e000 	/usr/lib/system/libquarantine.dylib
0x00007ff813b22000 	/usr/lib/system/libremovefile.dylib
0x00007ff80dc7c000 	/usr/lib/system/libsystem_asl.dylib
0x00007ff808a54000 	/usr/lib/system/libsystem_blocks.dylib
0x00007ff808be9000 	/usr/lib/system/libsystem_c.dylib
0x00007ff813b1a000 	/usr/lib/system/libsystem_collections.dylib
0x00007ff812345000 	/usr/lib/system/libsystem_configuration.dylib
0x00007ff811607000 	/usr/lib/system/libsystem_containermanager.dylib
0x00007ff813806000 	/usr/lib/system/libsystem_coreservices.dylib
0x00007ff80b34a000 	/usr/lib/system/libsystem_darwin.dylib
0x00007ff813b25000 	/usr/lib/system/libsystem_dnssd.dylib
0x00007ff808be6000 	/usr/lib/system/libsystem_featureflags.dylib
0x00007ff808d3a000 	/usr/lib/system/libsystem_info.dylib
0x00007ff813a65000 	/usr/lib/system/libsystem_m.dylib
0x00007ff808b39000 	/usr/lib/system/libsystem_malloc.dylib
0x00007ff80dc19000 	/usr/lib/system/libsystem_networkextension.dylib
0x00007ff80b772000 	/usr/lib/system/libsystem_notify.dylib
0x00007ff819c63000 	/usr/lib/system/libsystem_product_info_filter.dylib
0x00007ff812349000 	/usr/lib/system/libsystem_sandbox.dylib
0x00007ff813b1f000 	/usr/lib/system/libsystem_secinit.dylib
0x00007ff808ce1000 	/usr/lib/system/libsystem_kernel.dylib
0x00007ff808d30000 	/usr/lib/system/libsystem_platform.dylib
0x00007ff808d18000 	/usr/lib/system/libsystem_pthread.dylib
0x00007ff80f4cd000 	/usr/lib/system/libsystem_symptoms.dylib
0x00007ff808a8d000 	/usr/lib/system/libsystem_trace.dylib
0x00007ff813af5000 	/usr/lib/system/libunwind.dylib
0x00007ff808a56000 	/usr/lib/system/libxpc.dylib
0x00007ff808ccb000 	/usr/lib/libc++abi.dylib
0x00007ff808bac000 	/usr/lib/libobjc.A.dylib
0x00007ff813b00000 	/usr/lib/liboah.dylib
0x00007ff808c72000 	/usr/lib/libc++.1.dylib
0x00007ff81f992000 	/System/Library/Frameworks/Cocoa.framework/Versions/A/Cocoa
0x00007ff80b7d0000 	/System/Library/Frameworks/AppKit.framework/Versions/C/AppKit
0x00007ff80ecbd000 	/System/Library/Frameworks/CoreData.framework/Versions/A/CoreData
0x00007ff809beb000 	/System/Library/Frameworks/Foundation.framework/Versions/C/Foundation
0x00007ff80c65d000 	/System/Library/PrivateFrameworks/UIFoundation.framework/Versions/A/UIFoundation
0x00007ff81996a000 	/System/Library/PrivateFrameworks/RemoteViewServices.framework/Versions/A/RemoteViewServices
0x00007ff811cde000 	/System/Library/PrivateFrameworks/XCTTargetBootstrap.framework/Versions/A/XCTTargetBootstrap
0x00007ff815941000 	/System/Library/PrivateFrameworks/InternationalSupport.framework/Versions/A/InternationalSupport
0x00007ff8159cb000 	/System/Library/PrivateFrameworks/UserActivity.framework/Versions/A/UserActivity
0x00007ff814d21000 	/usr/lib/libspindump.dylib
0x00007ff80c8eb000 	/System/Library/Frameworks/UniformTypeIdentifiers.framework/Versions/A/UniformTypeIdentifiers
0x00007ff81041d000 	/usr/lib/libapp_launch_measurement.dylib
0x00007ff80f687000 	/System/Library/PrivateFrameworks/CoreAnalytics.framework/Versions/A/CoreAnalytics
0x00007ff810420000 	/System/Library/PrivateFrameworks/CoreAutoLayout.framework/Versions/A/CoreAutoLayout
0x00007ff81163f000 	/System/Library/Frameworks/Metal.framework/Versions/A/Metal
0x00007ff812354000 	/usr/lib/liblangid.dylib
0x00007ff811ce2000 	/System/Library/PrivateFrameworks/CoreSVG.framework/Versions/A/CoreSVG
0x00007ff80dcad000 	/System/Library/PrivateFrameworks/SkyLight.framework/Versions/A/SkyLight
0x00007ff80e03e000 	/System/Library/Frameworks/CoreGraphics.framework/Versions/A/CoreGraphics
0x00007ff819fd5000 	/System/Library/Frameworks/Accelerate.framework/Versions/A/Accelerate
0x00007ff81479c000 	/System/Library/PrivateFrameworks/IconServices.framework/Versions/A/IconServices
0x00007ff811624000 	/System/Library/Frameworks/IOSurface.framework/Versions/A/IOSurface
0x00007ff80f6b5000 	/usr/lib/libDiagnosticMessagesClient.dylib
0x00007ff81d634000 	/System/Library/Frameworks/ApplicationServices.framework/Versions/A/ApplicationServices
0x00007ff811cca000 	/System/Library/PrivateFrameworks/DFRFoundation.framework/Versions/A/DFRFoundation
0x00007ff80b0c1000 	/usr/lib/libicucore.A.dylib
0x00007ff816663000 	/System/Library/Frameworks/AudioToolbox.framework/Versions/A/AudioToolbox
0x00007ff81594d000 	/System/Library/PrivateFrameworks/DataDetectorsCore.framework/Versions/A/DataDetectorsCore
0x00007ff911193000 	/System/Library/PrivateFrameworks/TextInput.framework/Versions/A/TextInput
0x00007ff80dc30000 	/usr/lib/libMobileGestalt.dylib
0x00007ff8119d2000 	/System/Library/Frameworks/Carbon.framework/Versions/A/Frameworks/HIToolbox.framework/Versions/A/HIToolbox
0x00007ff80fe4b000 	/System/Library/Frameworks/QuartzCore.framework/Versions/A/QuartzCore
0x00007ff80ad62000 	/System/Library/Frameworks/Security.framework/Versions/A/Security
0x00007ff8199a2000 	/System/Library/Frameworks/Carbon.framework/Versions/A/Frameworks/SpeechRecognition.framework/Versions/A/SpeechRecognition
0x00007ff81017d000 	/System/Library/PrivateFrameworks/CoreUI.framework/Versions/A/CoreUI
0x00007ff80a63c000 	/System/Library/Frameworks/CoreAudio.framework/Versions/A/CoreAudio
0x00007ff80f7a3000 	/System/Library/Frameworks/DiskArbitration.framework/Versions/A/DiskArbitration
0x00007ff815108000 	/System/Library/PrivateFrameworks/MultitouchSupport.framework/Versions/A/MultitouchSupport
0x00007ff80dc2f000 	/usr/lib/libenergytrace.dylib
0x00007ff80b6bc000 	/System/Library/Frameworks/IOKit.framework/Versions/A/IOKit
0x00007ff819d8c000 	/System/Library/Frameworks/CoreServices.framework/Versions/A/CoreServices
0x00007ff8103b7000 	/System/Library/PrivateFrameworks/PerformanceAnalysis.framework/Versions/A/PerformanceAnalysis
0x00007ffa20754000 	/System/Library/Frameworks/OpenGL.framework/Versions/A/OpenGL
0x00007ff81308a000 	/System/Library/PrivateFrameworks/MobileKeyBag.framework/Versions/A/MobileKeyBag
0x00007ff80e70a000 	/System/Library/Frameworks/ColorSync.framework/Versions/A/ColorSync
0x00007ff808d65000 	/System/Library/Frameworks/CoreFoundation.framework/Versions/A/CoreFoundation
0x00007ff811f5b000 	/System/Library/Frameworks/CoreImage.framework/Versions/A/CoreImage
0x00007ff80a452000 	/System/Library/Frameworks/CoreText.framework/Versions/A/CoreText
0x00007ff811d11000 	/System/Library/Frameworks/ImageIO.framework/Versions/A/ImageIO
0x00007ff813b38000 	/System/Library/PrivateFrameworks/SoftLinking.framework/Versions/A/SoftLinking
0x00007ff810468000 	/usr/lib/libxml2.2.dylib
0x00007ff813dbb000 	/usr/lib/libcompression.dylib
0x00007ff815877000 	/System/Library/PrivateFrameworks/TextureIO.framework/Versions/A/TextureIO
0x00007ff8144ae000 	/usr/lib/libate.dylib
0x00007ff81428c000 	/usr/lib/liblzma.5.dylib
0x00007ff8098fc000 	/System/Library/Frameworks/SystemConfiguration.framework/Versions/A/SystemConfiguration
0x00007ff813b34000 	/usr/lib/libfakelink.dylib
0x00007ff80d783000 	/System/Library/Frameworks/CFNetwork.framework/Versions/A/CFNetwork
0x00007ff813c73000 	/usr/lib/libarchive.2.dylib
0x00007ff812350000 	/System/Library/PrivateFrameworks/AppleSystemInfo.framework/Versions/A/AppleSystemInfo
0x00007ff813184000 	/usr/lib/libbsm.0.dylib
0x00007ff80cdba000 	/usr/lib/libnetwork.dylib
0x00007ff813acd000 	/usr/lib/system/libkxld.dylib
0x00007ff812db3000 	/System/Library/PrivateFrameworks/IOMobileFramebuffer.framework/Versions/A/IOMobileFramebuffer
0x00007ffb1e23d000 	/usr/lib/libCoreEntitlements.dylib
0x00007ff8137e8000 	/System/Library/PrivateFrameworks/AppleFSCompression.framework/Versions/A/AppleFSCompression
0x00007ff81316d000 	/usr/lib/libcoretls.dylib
0x00007ff8142a6000 	/usr/lib/libcoretls_cfhelpers.dylib
0x00007ff813db6000 	/usr/lib/libpam.2.dylib
0x00007ff80f0ef000 	/usr/lib/libsqlite3.dylib
0x00007ff814315000 	/usr/lib/libxar.1.dylib
0x00007ff8137f8000 	/usr/lib/libbz2.1.0.dylib
0x00007ff813b39000 	/usr/lib/libpcap.A.dylib
0x00007ff80f4c4000 	/usr/lib/libdns_services.dylib
0x00007ff813d85000 	/usr/lib/libapple_nghttp2.dylib
0x00007ff813b70000 	/usr/lib/libiconv.2.dylib
0x00007ff813ac6000 	/usr/lib/libcharset.1.dylib
0x00007ff8103eb000 	/System/Library/Frameworks/CoreServices.framework/Versions/A/Frameworks/FSEvents.framework/Versions/A/FSEvents
0x00007ff80b354000 	/System/Library/Frameworks/CoreServices.framework/Versions/A/Frameworks/CarbonCore.framework/Versions/A/CarbonCore
0x00007ff80f708000 	/System/Library/Frameworks/CoreServices.framework/Versions/A/Frameworks/Metadata.framework/Versions/A/Metadata
0x00007ff81380b000 	/System/Library/Frameworks/CoreServices.framework/Versions/A/Frameworks/OSServices.framework/Versions/A/OSServices
0x00007ff813cf9000 	/System/Library/Frameworks/CoreServices.framework/Versions/A/Frameworks/SearchKit.framework/Versions/A/SearchKit
0x00007ff80f456000 	/System/Library/Frameworks/CoreServices.framework/Versions/A/Frameworks/AE.framework/Versions/A/AE
0x00007ff809268000 	/System/Library/Frameworks/CoreServices.framework/Versions/A/Frameworks/LaunchServices.framework/Versions/A/LaunchServices
0x00007ff81423d000 	/System/Library/Frameworks/CoreServices.framework/Versions/A/Frameworks/DictionaryServices.framework/Versions/A/DictionaryServices
0x00007ff8103f8000 	/System/Library/Frameworks/CoreServices.framework/Versions/A/Frameworks/SharedFileList.framework/Versions/A/SharedFileList
0x00007ff813161000 	/usr/lib/libCheckFix.dylib
0x00007ff80dc93000 	/System/Library/PrivateFrameworks/TCC.framework/Versions/A/TCC
0x00007ff812356000 	/System/Library/PrivateFrameworks/CoreNLP.framework/Versions/A/CoreNLP
0x00007ff80f6b8000 	/System/Library/PrivateFrameworks/MetadataUtilities.framework/Versions/A/MetadataUtilities
0x00007ff8099ac000 	/usr/lib/libmecabra.dylib
0x00007ff813194000 	/usr/lib/libmecab.dylib
0x00007ff809977000 	/usr/lib/libCRFSuite.dylib
0x00007ff8131f1000 	/usr/lib/libgermantok.dylib
0x00007ff813d60000 	/usr/lib/libThaiTokenizer.dylib
0x00007ff80f7aa000 	/System/Library/Frameworks/Accelerate.framework/Versions/A/Frameworks/vImage.framework/Versions/A/vImage
0x00007ff819d63000 	/System/Library/Frameworks/Accelerate.framework/Versions/A/Frameworks/vecLib.framework/Versions/A/vecLib
0x00007ff814356000 	/System/Library/Frameworks/Accelerate.framework/Versions/A/Frameworks/vecLib.framework/Versions/A/libvMisc.dylib
0x00007ff812bd1000 	/System/Library/Frameworks/Accelerate.framework/Versions/A/Frameworks/vecLib.framework/Versions/A/libvDSP.dylib
0x00007ff8095e0000 	/System/Library/Frameworks/Accelerate.framework/Versions/A/Frameworks/vecLib.framework/Versions/A/libBLAS.dylib
0x00007ff813e97000 	/System/Library/Frameworks/Accelerate.framework/Versions/A/Frameworks/vecLib.framework/Versions/A/libLAPACK.dylib
0x00007ff8131f4000 	/System/Library/Frameworks/Accelerate.framework/Versions/A/Frameworks/vecLib.framework/Versions/A/libLinearAlgebra.dylib
0x00007ff813d9e000 	/System/Library/Frameworks/Accelerate.framework/Versions/A/Frameworks/vecLib.framework/Versions/A/libSparseBLAS.dylib
0x00007ff813e91000 	/System/Library/Frameworks/Accelerate.framework/Versions/A/Frameworks/vecLib.framework/Versions/A/libQuadrature.dylib
0x00007ff812440000 	/System/Library/Frameworks/Accelerate.framework/Versions/A/Frameworks/vecLib.framework/Versions/A/libBNNS.dylib
0x00007ff80988d000 	/System/Library/Frameworks/Accelerate.framework/Versions/A/Frameworks/vecLib.framework/Versions/A/libSparse.dylib
0x00007ff812439000 	/System/Library/PrivateFrameworks/LinguisticData.framework/Versions/A/LinguisticData
0x00007ff809842000 	/System/Library/PrivateFrameworks/Lexicon.framework/Versions/A/Lexicon
0x00007ff81434f000 	/usr/lib/libChineseTokenizer.dylib
0x00007ff809fa6000 	/System/Library/PrivateFrameworks/LanguageModeling.framework/Versions/A/LanguageModeling
0x00007ff813d62000 	/System/Library/PrivateFrameworks/AppleSauce.framework/Versions/A/AppleSauce
0x00007ff812da1000 	/System/Library/PrivateFrameworks/CoreEmoji.framework/Versions/A/CoreEmoji
0x00007ff813c62000 	/usr/lib/libcmph.dylib
0x00007ff8103cf000 	/System/Library/Frameworks/OpenDirectory.framework/Versions/A/Frameworks/CFOpenDirectory.framework/Versions/A/CFOpenDirectory
0x00007ff8103c3000 	/System/Library/Frameworks/OpenDirectory.framework/Versions/A/OpenDirectory
0x00007ff8142a8000 	/System/Library/PrivateFrameworks/APFS.framework/Versions/A/APFS
0x00007ff8130c2000 	/System/Library/Frameworks/SecurityFoundation.framework/Versions/A/SecurityFoundation
0x00007ff814323000 	/usr/lib/libutil.dylib
0x00007ff80b67f000 	/System/Library/PrivateFrameworks/CoreServicesStore.framework/Versions/A/CoreServicesStore
0x00007ff814327000 	/usr/lib/libxslt.1.dylib
0x00007ff81314f000 	/System/Library/PrivateFrameworks/BackgroundTaskManagement.framework/Versions/A/BackgroundTaskManagement
0x00007ff815797000 	/System/Library/Frameworks/ImageIO.framework/Versions/A/Resources/libRadiance.dylib
0x00007ff8157a0000 	/System/Library/Frameworks/ImageIO.framework/Versions/A/Resources/libJPEG.dylib
0x00007ff8156f0000 	/System/Library/Frameworks/ImageIO.framework/Versions/A/Resources/libPng.dylib
0x00007ff815711000 	/System/Library/Frameworks/ImageIO.framework/Versions/A/Resources/libTIFF.dylib
0x00007ff815800000 	/System/Library/Frameworks/ImageIO.framework/Versions/A/Resources/libGIF.dylib
0x00007ff815021000 	/System/Library/Frameworks/ImageIO.framework/Versions/A/Resources/libJP2.dylib
0x00007ff814763000 	/usr/lib/libexpat.1.dylib
0x00007ff814fd6000 	/System/Library/PrivateFrameworks/AppleJPEG.framework/Versions/A/AppleJPEG
0x00007ff811899000 	/System/Library/PrivateFrameworks/FontServices.framework/libFontParser.dylib
0x00007ff80f400000 	/System/Library/PrivateFrameworks/RunningBoardServices.framework/Versions/A/RunningBoardServices
0x00007ff81ff03000 	/System/Library/PrivateFrameworks/IOSurfaceAccelerator.framework/Versions/A/IOSurfaceAccelerator
0x00007ff815104000 	/System/Library/PrivateFrameworks/WatchdogClient.framework/Versions/A/WatchdogClient
0x00007ff80a095000 	/System/Library/Frameworks/CoreDisplay.framework/Versions/A/CoreDisplay
0x00007ff811799000 	/System/Library/Frameworks/CoreMedia.framework/Versions/A/CoreMedia
0x00007ff811636000 	/System/Library/PrivateFrameworks/IOAccelerator.framework/Versions/A/IOAccelerator
0x00007ff81054b000 	/System/Library/Frameworks/CoreVideo.framework/Versions/A/CoreVideo
0x00007ff813db4000 	/System/Library/Frameworks/MetalPerformanceShaders.framework/Versions/A/MetalPerformanceShaders
0x00007ff81513f000 	/System/Library/Frameworks/VideoToolbox.framework/Versions/A/VideoToolbox
0x00007ff80f348000 	/System/Library/PrivateFrameworks/BaseBoard.framework/Versions/A/BaseBoard
0x00007ff80f0d5000 	/System/Library/PrivateFrameworks/ProtocolBuffer.framework/Versions/A/ProtocolBuffer
0x00007ff815790000 	/System/Library/PrivateFrameworks/GPUWrangler.framework/Versions/A/GPUWrangler
0x00007ff815773000 	/System/Library/PrivateFrameworks/IOPresentment.framework/Versions/A/IOPresentment
0x00007ff81579a000 	/System/Library/PrivateFrameworks/DSExternalDisplay.framework/Versions/A/DSExternalDisplay
0x00007ffa20748000 	/System/Library/Frameworks/OpenGL.framework/Versions/A/Libraries/libCoreFSCache.dylib
0x00007ffb0c83c000 	/System/Library/PrivateFrameworks/GPUCompiler.framework/Versions/31001/Libraries/libGPUCompilerUtils.dylib
0x00007ff815805000 	/System/Library/PrivateFrameworks/CMCaptureCore.framework/Versions/A/CMCaptureCore
0x00007ff814d0f000 	/System/Library/PrivateFrameworks/AppServerSupport.framework/Versions/A/AppServerSupport
0x00007ff816ee0000 	/System/Library/PrivateFrameworks/perfdata.framework/Versions/A/perfdata
0x00007ff80a1c1000 	/System/Library/PrivateFrameworks/AudioToolboxCore.framework/Versions/A/AudioToolboxCore
0x00007ff811776000 	/System/Library/PrivateFrameworks/caulk.framework/Versions/A/caulk
0x00007ff81680d000 	/usr/lib/libAudioStatistics.dylib
0x00007ff90da52000 	/System/Library/PrivateFrameworks/SystemPolicy.framework/Versions/A/SystemPolicy
0x00007ff816a59000 	/usr/lib/libSMC.dylib
0x00007ff81f845000 	/System/Library/Frameworks/CoreMIDI.framework/Versions/A/CoreMIDI
0x00007ff8156c0000 	/usr/lib/libAudioToolboxUtility.dylib
0x00007ff909eda000 	/System/Library/PrivateFrameworks/OSAServicesClient.framework/Versions/A/OSAServicesClient
0x00007ff816eed000 	/usr/lib/libperfcheck.dylib
0x00007ff90e4de000 	/usr/lib/libmis.dylib
0x00007ffa207a4000 	/System/Library/Frameworks/OpenGL.framework/Versions/A/Libraries/libGLU.dylib
0x00007ffa20767000 	/System/Library/Frameworks/OpenGL.framework/Versions/A/Libraries/libGFXShared.dylib
0x00007ffa20975000 	/System/Library/Frameworks/OpenGL.framework/Versions/A/Libraries/libGL.dylib
0x00007ffa20770000 	/System/Library/Frameworks/OpenGL.framework/Versions/A/Libraries/libGLImage.dylib
0x00007ffa20764000 	/System/Library/Frameworks/OpenGL.framework/Versions/A/Libraries/libCVMSPluginSupport.dylib
0x00007ffa2074f000 	/System/Library/Frameworks/OpenGL.framework/Versions/A/Libraries/libCoreVMClient.dylib
0x00007ff8122d4000 	/System/Library/Frameworks/MetalPerformanceShaders.framework/Versions/A/Frameworks/MPSCore.framework/Versions/A/MPSCore
0x00007ff813753000 	/System/Library/Frameworks/MetalPerformanceShaders.framework/Versions/A/Frameworks/MPSImage.framework/Versions/A/MPSImage
0x00007ff81320a000 	/System/Library/Frameworks/MetalPerformanceShaders.framework/Versions/A/Frameworks/MPSNeuralNetwork.framework/Versions/A/MPSNeuralNetwork
0x00007ff81367f000 	/System/Library/Frameworks/MetalPerformanceShaders.framework/Versions/A/Frameworks/MPSMatrix.framework/Versions/A/MPSMatrix
0x00007ff81343b000 	/System/Library/Frameworks/MetalPerformanceShaders.framework/Versions/A/Frameworks/MPSRayIntersector.framework/Versions/A/MPSRayIntersector
0x00007ff8136b8000 	/System/Library/Frameworks/MetalPerformanceShaders.framework/Versions/A/Frameworks/MPSNDArray.framework/Versions/A/MPSNDArray
0x00007ffa2534d000 	/System/Library/Frameworks/MetalPerformanceShaders.framework/Versions/A/Frameworks/MPSFunctions.framework/Versions/A/MPSFunctions
0x00007ff8094c3000 	/System/Library/PrivateFrameworks/MetalTools.framework/Versions/A/MetalTools
0x00007ff81234e000 	/System/Library/PrivateFrameworks/AggregateDictionary.framework/Versions/A/AggregateDictionary
0x00007ff814545000 	/usr/lib/libIOReport.dylib
0x00007ffa21d84000 	/System/Library/Frameworks/OpenCL.framework/Versions/A/OpenCL
0x00007ff8148a9000 	/System/Library/PrivateFrameworks/FaceCore.framework/Versions/A/FaceCore
0x00007ff81489a000 	/System/Library/PrivateFrameworks/GraphVisualizer.framework/Versions/A/GraphVisualizer
0x00007ffb0c747000 	/System/Library/PrivateFrameworks/FontServices.framework/Versions/A/FontServices
0x00007ff814cc6000 	/System/Library/PrivateFrameworks/OTSVG.framework/Versions/A/OTSVG
0x00007ff810133000 	/System/Library/Frameworks/ApplicationServices.framework/Versions/A/Frameworks/ATS.framework/Versions/A/Resources/libFontRegistry.dylib
0x00007ff814d17000 	/System/Library/PrivateFrameworks/FontServices.framework/libhvf.dylib
0x00007ffb0c748000 	/System/Library/PrivateFrameworks/FontServices.framework/libXTFontStaticRegistryData.dylib
0x00007ff814713000 	/System/Library/PrivateFrameworks/AppleVA.framework/Versions/A/AppleVA
0x00007ff81682d000 	/System/Library/Frameworks/ApplicationServices.framework/Versions/A/Frameworks/ATS.framework/Versions/A/ATS
0x00007ff80e806000 	/System/Library/Frameworks/ApplicationServices.framework/Versions/A/Frameworks/HIServices.framework/Versions/A/HIServices
0x00007ff81580f000 	/System/Library/Frameworks/ApplicationServices.framework/Versions/A/Frameworks/PrintCore.framework/Versions/A/PrintCore
0x00007ff816bac000 	/System/Library/Frameworks/ApplicationServices.framework/Versions/A/Frameworks/QD.framework/Versions/A/QD
0x00007ff816ba4000 	/System/Library/Frameworks/ApplicationServices.framework/Versions/A/Frameworks/ColorSyncLegacy.framework/Versions/A/ColorSyncLegacy
0x00007ff81681d000 	/System/Library/Frameworks/ApplicationServices.framework/Versions/A/Frameworks/SpeechSynthesis.framework/Versions/A/SpeechSynthesis
0x00007ff8157d0000 	/System/Library/Frameworks/ApplicationServices.framework/Versions/A/Frameworks/ATSUI.framework/Versions/A/ATSUI
0x00007ff816b39000 	/usr/lib/libcups.2.dylib
0x00007ff816efc000 	/System/Library/Frameworks/Kerberos.framework/Versions/A/Kerberos
0x00007ff816f0b000 	/System/Library/Frameworks/GSS.framework/Versions/A/GSS
0x00007ff816899000 	/usr/lib/libresolv.9.dylib
0x00007ff814d26000 	/System/Library/PrivateFrameworks/Heimdal.framework/Versions/A/Heimdal
0x00007ff81d9af000 	/System/Library/Frameworks/Kerberos.framework/Versions/A/Libraries/libHeimdalProxy.dylib
0x00007ff80f4d5000 	/System/Library/Frameworks/Network.framework/Versions/A/Network
0x00007ff81477d000 	/usr/lib/libheimdal-asn1.dylib
0x00007ff816f56000 	/System/Library/PrivateFrameworks/CommonAuth.framework/Versions/A/CommonAuth
0x00007ff81679e000 	/System/Library/PrivateFrameworks/AudioSession.framework/Versions/A/AudioSession
0x00007ff81480d000 	/System/Library/PrivateFrameworks/MediaExperience.framework/Versions/A/MediaExperience
0x00007ff816632000 	/System/Library/PrivateFrameworks/AudioSession.framework/libSessionUtility.dylib
0x00007ff816bb8000 	/System/Library/PrivateFrameworks/AudioResourceArbitration.framework/Versions/A/AudioResourceArbitration
0x00007ff814786000 	/System/Library/PrivateFrameworks/IconFoundation.framework/Versions/A/IconFoundation
0x00007ff819992000 	/System/Library/PrivateFrameworks/SpeechRecognitionCore.framework/Versions/A/SpeechRecognitionCore
0x000000010fb9b000 	/Users/akashkuratkar/Library/Java/JavaVirtualMachines/openjdk-15.0.1/Contents/Home/lib/server/libjvm.dylib
0x000000010ec52000 	/Users/akashkuratkar/Library/Java/JavaVirtualMachines/openjdk-15.0.1/Contents/Home/lib/libjimage.dylib
0x000000010ecc9000 	/Users/akashkuratkar/Library/Java/JavaVirtualMachines/openjdk-15.0.1/Contents/Home/lib/libjava.dylib
0x000000010f74f000 	/Users/akashkuratkar/eclipse-workspace/Lab2/src/main/java/libnative.dylib


VM Arguments:
jvm_args: -Djava.library.path=/Users/akashkuratkar/eclipse-workspace/Lab2/src/main/java/ 
java_command: MatrixMultiplier
java_class_path (initial): .
Launcher Type: SUN_STANDARD

[Global flags]
     intx CICompilerCount                          = 4                                         {product} {ergonomic}
     uint ConcGCThreads                            = 2                                         {product} {ergonomic}
     uint G1ConcRefinementThreads                  = 8                                         {product} {ergonomic}
   size_t G1HeapRegionSize                         = 2097152                                   {product} {ergonomic}
    uintx GCDrainStackTargetSize                   = 64                                        {product} {ergonomic}
   size_t InitialHeapSize                          = 268435456                                 {product} {ergonomic}
   size_t MarkStackSize                            = 4194304                                   {product} {ergonomic}
   size_t MaxHeapSize                              = 4294967296                                {product} {ergonomic}
   size_t MaxNewSize                               = 2575302656                                {product} {ergonomic}
   size_t MinHeapDeltaBytes                        = 2097152                                   {product} {ergonomic}
   size_t MinHeapSize                              = 8388608                                   {product} {ergonomic}
    uintx NonNMethodCodeHeapSize                   = 5839372                                {pd product} {ergonomic}
    uintx NonProfiledCodeHeapSize                  = 122909434                              {pd product} {ergonomic}
    uintx ProfiledCodeHeapSize                     = 122909434                              {pd product} {ergonomic}
    uintx ReservedCodeCacheSize                    = 251658240                              {pd product} {ergonomic}
     bool SegmentedCodeCache                       = true                                      {product} {ergonomic}
   size_t SoftMaxHeapSize                          = 4294967296                             {manageable} {ergonomic}
     bool UseCompressedClassPointers               = true                                 {lp64_product} {ergonomic}
     bool UseCompressedOops                        = true                                 {lp64_product} {ergonomic}
     bool UseG1GC                                  = true                                      {product} {ergonomic}
     bool UseNUMA                                  = false                                     {product} {ergonomic}
     bool UseNUMAInterleaving                      = false                                     {product} {ergonomic}

Logging:
Log output configuration:
 #0: stdout all=warning uptime,level,tags
 #1: stderr all=off uptime,level,tags

Environment Variables:
JAVA_HOME=/Users/akashkuratkar/Library/Java/JavaVirtualMachines/openjdk-15.0.1/Contents/Home
PATH=/Users/akashkuratkar/Downloads/google-cloud-sdk/bin:/usr/local/opt/openssl@1.1/bin:/usr/local/opt/openssl@1.1/bin:/usr/local/opt/mongodb-community@4.0/bin:/Library/Frameworks/Python.framework/Versions/3.9/bin:/usr/local/bin:/usr/bin:/bin:/usr/sbin:/sbin:/usr/local/go/bin:/usr/local/share/dotnet:~/.dotnet/tools:/Library/Apple/usr/bin:/Library/Frameworks/Mono.framework/Versions/Current/Commands
SHELL=/bin/zsh
LANG=en_US.UTF-8

Signal Handlers:
SIGSEGV: [libjvm.dylib+0xa00020], sa_mask[0]=11111111011111110111111111111111, sa_flags=SA_ONSTACK|SA_RESTART|SA_SIGINFO
SIGBUS: [libjvm.dylib+0xa00020], sa_mask[0]=11111111011111110111111111111111, sa_flags=SA_RESTART|SA_SIGINFO
SIGFPE: [libjvm.dylib+0xa00020], sa_mask[0]=11111111011111110111111111111111, sa_flags=SA_RESTART|SA_SIGINFO
SIGPIPE: [libjvm.dylib+0x82b7f0], sa_mask[0]=11111111011111110111111111111111, sa_flags=SA_RESTART|SA_SIGINFO
SIGXFSZ: [libjvm.dylib+0x82b7f0], sa_mask[0]=11111111011111110111111111111111, sa_flags=SA_RESTART|SA_SIGINFO
SIGILL: [libjvm.dylib+0xa00020], sa_mask[0]=11111111011111110111111111111111, sa_flags=SA_RESTART|SA_SIGINFO
SIGUSR2: [libjvm.dylib+0x82c300], sa_mask[0]=00000000000000000000000000000000, sa_flags=SA_RESTART|SA_SIGINFO
SIGHUP: [libjvm.dylib+0x82aa00], sa_mask[0]=11111111011111110111111111111111, sa_flags=SA_RESTART|SA_SIGINFO
SIGINT: [libjvm.dylib+0x82aa00], sa_mask[0]=11111111011111110111111111111111, sa_flags=SA_RESTART|SA_SIGINFO
SIGTERM: [libjvm.dylib+0x82aa00], sa_mask[0]=11111111011111110111111111111111, sa_flags=SA_RESTART|SA_SIGINFO
SIGQUIT: [libjvm.dylib+0x82aa00], sa_mask[0]=11111111011111110111111111111111, sa_flags=SA_RESTART|SA_SIGINFO


---------------  S Y S T E M  ---------------

OS:uname: Darwin 21.1.0 Darwin Kernel Version 21.1.0: Wed Oct 13 17:33:23 PDT 2021; root:xnu-8019.41.5~1/RELEASE_X86_64 x86_64
OS uptime: 0 days 1:11 hours
rlimit (soft/hard): STACK 8192k/65532k , CORE 0k/infinity , NPROC 2784/4176 , NOFILE 10240/infinity , AS infinity/infinity , CPU infinity/infinity , DATA infinity/infinity , FSIZE infinity/infinity , MEMLOCK infinity/infinity , RSS infinity/infinity
load average: 2.27 3.14 3.68

CPU: total 8 (initial active 8) (4 cores per cpu, 2 threads per core) family 6 model 126 stepping 5 microcode 0xa6, cmov, cx8, fxsr, mmx, sse, sse2, sse3, ssse3, sse4.1, sse4.2, popcnt, vzeroupper, avx, avx2, aes, clmul, erms, 3dnowpref, lzcnt, ht, tsc, tscinvbit, bmi1, bmi2, adx, sha, fma, clflush, clflushopt

Memory: 4k page, physical 16777216k(2668880k free), swap 2097152k(1395968k free)

vm_info: OpenJDK 64-Bit Server VM (15.0.1+9-18) for bsd-amd64 JRE (15.0.1+9-18), built on Sep 15 2020 13:39:50 by "mach5one" with clang 4.2.1 Compatible Apple LLVM 10.0.0 (clang-1000.11.45.5)

END.
